02-Aug-2018 09:23:10.115 資訊 [main] org.apache.catalina.startup.VersionLoggerListener.log Server version:        Apache Tomcat/8.0.53
02-Aug-2018 09:23:10.122 資訊 [main] org.apache.catalina.startup.VersionLoggerListener.log Server built:          Jun 29 2018 14:42:45 UTC
02-Aug-2018 09:23:10.123 資訊 [main] org.apache.catalina.startup.VersionLoggerListener.log Server number:         8.0.53.0
02-Aug-2018 09:23:10.125 資訊 [main] org.apache.catalina.startup.VersionLoggerListener.log OS Name:               Mac OS X
02-Aug-2018 09:23:10.125 資訊 [main] org.apache.catalina.startup.VersionLoggerListener.log OS Version:            10.13.4
02-Aug-2018 09:23:10.126 資訊 [main] org.apache.catalina.startup.VersionLoggerListener.log Architecture:          x86_64
02-Aug-2018 09:23:10.126 資訊 [main] org.apache.catalina.startup.VersionLoggerListener.log Java Home:             /Library/Java/JavaVirtualMachines/jdk-9.jdk/Contents/Home
02-Aug-2018 09:23:10.127 資訊 [main] org.apache.catalina.startup.VersionLoggerListener.log JVM Version:           9+181
02-Aug-2018 09:23:10.128 資訊 [main] org.apache.catalina.startup.VersionLoggerListener.log JVM Vendor:            Oracle Corporation
02-Aug-2018 09:23:10.129 資訊 [main] org.apache.catalina.startup.VersionLoggerListener.log CATALINA_BASE:         /Users/kai/Desktop/code-practice/apache-tomcat-8.0.53
02-Aug-2018 09:23:10.129 資訊 [main] org.apache.catalina.startup.VersionLoggerListener.log CATALINA_HOME:         /Users/kai/Desktop/code-practice/apache-tomcat-8.0.53
02-Aug-2018 09:23:10.132 資訊 [main] org.apache.catalina.startup.VersionLoggerListener.log Command line argument: --add-opens=java.base/java.lang=ALL-UNNAMED
02-Aug-2018 09:23:10.133 資訊 [main] org.apache.catalina.startup.VersionLoggerListener.log Command line argument: --add-opens=java.base/java.io=ALL-UNNAMED
02-Aug-2018 09:23:10.134 資訊 [main] org.apache.catalina.startup.VersionLoggerListener.log Command line argument: --add-opens=java.rmi/sun.rmi.transport=ALL-UNNAMED
02-Aug-2018 09:23:10.134 資訊 [main] org.apache.catalina.startup.VersionLoggerListener.log Command line argument: -Djava.util.logging.config.file=/Users/kai/Desktop/code-practice/apache-tomcat-8.0.53/conf/logging.properties
02-Aug-2018 09:23:10.135 資訊 [main] org.apache.catalina.startup.VersionLoggerListener.log Command line argument: -Djava.util.logging.manager=org.apache.juli.ClassLoaderLogManager
02-Aug-2018 09:23:10.135 資訊 [main] org.apache.catalina.startup.VersionLoggerListener.log Command line argument: -Djdk.tls.ephemeralDHKeySize=2048
02-Aug-2018 09:23:10.135 資訊 [main] org.apache.catalina.startup.VersionLoggerListener.log Command line argument: -Djava.protocol.handler.pkgs=org.apache.catalina.webresources
02-Aug-2018 09:23:10.136 資訊 [main] org.apache.catalina.startup.VersionLoggerListener.log Command line argument: -Dignore.endorsed.dirs=
02-Aug-2018 09:23:10.137 資訊 [main] org.apache.catalina.startup.VersionLoggerListener.log Command line argument: -Dcatalina.base=/Users/kai/Desktop/code-practice/apache-tomcat-8.0.53
02-Aug-2018 09:23:10.137 資訊 [main] org.apache.catalina.startup.VersionLoggerListener.log Command line argument: -Dcatalina.home=/Users/kai/Desktop/code-practice/apache-tomcat-8.0.53
02-Aug-2018 09:23:10.138 資訊 [main] org.apache.catalina.startup.VersionLoggerListener.log Command line argument: -Djava.io.tmpdir=/Users/kai/Desktop/code-practice/apache-tomcat-8.0.53/temp
02-Aug-2018 09:23:10.138 資訊 [main] org.apache.catalina.core.AprLifecycleListener.lifecycleEvent The APR based Apache Tomcat Native library which allows optimal performance in production environments was not found on the java.library.path: /Users/kai/Library/Java/Extensions:/Library/Java/Extensions:/Network/Library/Java/Extensions:/System/Library/Java/Extensions:/usr/lib/java:.
02-Aug-2018 09:23:10.252 資訊 [main] org.apache.coyote.AbstractProtocol.init Initializing ProtocolHandler ["http-nio-8080"]
02-Aug-2018 09:23:10.305 資訊 [main] org.apache.tomcat.util.net.NioSelectorPool.getSharedSelector Using a shared selector for servlet write/read
02-Aug-2018 09:23:10.318 資訊 [main] org.apache.coyote.AbstractProtocol.init Initializing ProtocolHandler ["ajp-nio-8009"]
02-Aug-2018 09:23:10.321 資訊 [main] org.apache.tomcat.util.net.NioSelectorPool.getSharedSelector Using a shared selector for servlet write/read
02-Aug-2018 09:23:10.321 資訊 [main] org.apache.catalina.startup.Catalina.load Initialization processed in 1024 ms
02-Aug-2018 09:23:10.442 資訊 [main] org.apache.catalina.core.StandardService.startInternal Starting service Catalina
02-Aug-2018 09:23:10.443 資訊 [main] org.apache.catalina.core.StandardEngine.startInternal Starting Servlet Engine: Apache Tomcat/8.0.53
02-Aug-2018 09:23:10.483 資訊 [localhost-startStop-1] org.apache.catalina.startup.HostConfig.deployWAR Deploying web application archive /Users/kai/Desktop/code-practice/apache-tomcat-8.0.53/webapps/spring4mvc-helloworld.war
02-Aug-2018 09:23:12.603 資訊 [localhost-startStop-1] org.apache.jasper.servlet.TldScanner.scanJars At least one JAR was scanned for TLDs yet contained no TLDs. Enable debug logging for this logger for a complete list of JARs that were scanned but no TLDs were found in them. Skipping unneeded JARs during scanning can improve startup time and JSP compilation time.
02-Aug-2018 09:23:12.948 資訊 [localhost-startStop-1] org.springframework.web.servlet.FrameworkServlet.initServletBean FrameworkServlet 'dispatcher': initialization started
02-Aug-2018 09:23:13.024 資訊 [localhost-startStop-1] org.springframework.context.support.AbstractApplicationContext.prepareRefresh Refreshing WebApplicationContext for namespace 'dispatcher-servlet': startup date [Thu Aug 02 09:23:13 CST 2018]; root of context hierarchy
02-Aug-2018 09:23:13.205 資訊 [localhost-startStop-1] org.springframework.beans.factory.xml.XmlBeanDefinitionReader.loadBeanDefinitions Loading XML bean definitions from ServletContext resource [/WEB-INF/spring-servlet.xml]
02-Aug-2018 09:23:14.338 資訊 [localhost-startStop-1] org.springframework.web.servlet.handler.AbstractHandlerMethodMapping.registerHandlerMethod Mapped "{[/ || /index],methods=[GET],params=[],headers=[],consumes=[],produces=[],custom=[]}" onto public org.springframework.web.servlet.ModelAndView com.lucasko.controller.APIsController.index()
02-Aug-2018 09:23:14.339 資訊 [localhost-startStop-1] org.springframework.web.servlet.handler.AbstractHandlerMethodMapping.registerHandlerMethod Mapped "{[/ntust/profile],methods=[POST],params=[],headers=[],consumes=[],produces=[],custom=[]}" onto public java.lang.String com.lucasko.controller.APIsController.profile(java.lang.String) throws org.json.JSONException
02-Aug-2018 09:23:14.339 資訊 [localhost-startStop-1] org.springframework.web.servlet.handler.AbstractHandlerMethodMapping.registerHandlerMethod Mapped "{[/ntust/update/name],methods=[POST],params=[],headers=[],consumes=[],produces=[],custom=[]}" onto public java.lang.String com.lucasko.controller.APIsController.update(java.lang.String) throws org.json.JSONException
02-Aug-2018 09:23:14.340 資訊 [localhost-startStop-1] org.springframework.web.servlet.handler.AbstractHandlerMethodMapping.registerHandlerMethod Mapped "{[/index2],methods=[POST],params=[],headers=[],consumes=[],produces=[],custom=[]}" onto public org.springframework.web.servlet.ModelAndView com.lucasko.controller.APIsController.login(java.lang.String) throws org.json.JSONException
02-Aug-2018 09:23:14.341 資訊 [localhost-startStop-1] org.springframework.web.servlet.handler.AbstractHandlerMethodMapping.registerHandlerMethod Mapped "{[/ntust/student/{id}],methods=[GET],params=[],headers=[],consumes=[],produces=[],custom=[]}" onto public java.lang.String com.lucasko.controller.APIsController.hello1(java.lang.String) throws org.json.JSONException
02-Aug-2018 09:23:14.342 資訊 [localhost-startStop-1] org.springframework.web.servlet.handler.AbstractHandlerMethodMapping.registerHandlerMethod Mapped "{[/ntust/student],methods=[GET],params=[],headers=[],consumes=[],produces=[],custom=[]}" onto public java.lang.String com.lucasko.controller.APIsController.hello(java.lang.String) throws org.json.JSONException
02-Aug-2018 09:23:14.343 資訊 [localhost-startStop-1] org.springframework.web.servlet.handler.AbstractHandlerMethodMapping.registerHandlerMethod Mapped "{[/ntust/user],methods=[POST],params=[],headers=[],consumes=[],produces=[application/json;charset=utf-8],custom=[]}" onto public java.lang.String com.lucasko.controller.APIsController.user(com.lucasko.controller.User) throws org.json.JSONException
02-Aug-2018 09:23:14.888 資訊 [localhost-startStop-1] org.springframework.web.servlet.handler.AbstractUrlHandlerMapping.registerHandler Mapped URL path [/**] onto handler 'org.springframework.web.servlet.resource.DefaultServletHttpRequestHandler#0'
02-Aug-2018 09:23:14.958 資訊 [localhost-startStop-1] org.springframework.web.servlet.FrameworkServlet.initServletBean FrameworkServlet 'dispatcher': initialization completed in 2009 ms
02-Aug-2018 09:23:14.990 資訊 [localhost-startStop-1] org.apache.catalina.startup.HostConfig.deployWAR Deployment of web application archive /Users/kai/Desktop/code-practice/apache-tomcat-8.0.53/webapps/spring4mvc-helloworld.war has finished in 4,507 ms
02-Aug-2018 09:23:14.991 資訊 [localhost-startStop-1] org.apache.catalina.startup.HostConfig.deployDirectory Deploying web application directory /Users/kai/Desktop/code-practice/apache-tomcat-8.0.53/webapps/docs
02-Aug-2018 09:23:15.048 資訊 [localhost-startStop-1] org.apache.catalina.startup.HostConfig.deployDirectory Deployment of web application directory /Users/kai/Desktop/code-practice/apache-tomcat-8.0.53/webapps/docs has finished in 57 ms
02-Aug-2018 09:23:15.049 資訊 [localhost-startStop-1] org.apache.catalina.startup.HostConfig.deployDirectory Deploying web application directory /Users/kai/Desktop/code-practice/apache-tomcat-8.0.53/webapps/manager
02-Aug-2018 09:23:15.106 資訊 [localhost-startStop-1] org.apache.catalina.startup.HostConfig.deployDirectory Deployment of web application directory /Users/kai/Desktop/code-practice/apache-tomcat-8.0.53/webapps/manager has finished in 57 ms
02-Aug-2018 09:23:15.107 資訊 [localhost-startStop-1] org.apache.catalina.startup.HostConfig.deployDirectory Deploying web application directory /Users/kai/Desktop/code-practice/apache-tomcat-8.0.53/webapps/examples
02-Aug-2018 09:23:15.487 資訊 [localhost-startStop-1] org.apache.catalina.startup.HostConfig.deployDirectory Deployment of web application directory /Users/kai/Desktop/code-practice/apache-tomcat-8.0.53/webapps/examples has finished in 381 ms
02-Aug-2018 09:23:15.487 資訊 [localhost-startStop-1] org.apache.catalina.startup.HostConfig.deployDirectory Deploying web application directory /Users/kai/Desktop/code-practice/apache-tomcat-8.0.53/webapps/ROOT
02-Aug-2018 09:23:15.514 資訊 [localhost-startStop-1] org.apache.catalina.startup.HostConfig.deployDirectory Deployment of web application directory /Users/kai/Desktop/code-practice/apache-tomcat-8.0.53/webapps/ROOT has finished in 26 ms
02-Aug-2018 09:23:15.514 資訊 [localhost-startStop-1] org.apache.catalina.startup.HostConfig.deployDirectory Deploying web application directory /Users/kai/Desktop/code-practice/apache-tomcat-8.0.53/webapps/host-manager
02-Aug-2018 09:23:15.556 資訊 [localhost-startStop-1] org.apache.catalina.startup.HostConfig.deployDirectory Deployment of web application directory /Users/kai/Desktop/code-practice/apache-tomcat-8.0.53/webapps/host-manager has finished in 42 ms
02-Aug-2018 09:23:15.562 資訊 [main] org.apache.coyote.AbstractProtocol.start Starting ProtocolHandler ["http-nio-8080"]
02-Aug-2018 09:23:15.586 資訊 [main] org.apache.coyote.AbstractProtocol.start Starting ProtocolHandler ["ajp-nio-8009"]
02-Aug-2018 09:23:15.588 資訊 [main] org.apache.catalina.startup.Catalina.start Server startup in 5265 ms
02-Aug-2018 09:26:49.064 資訊 [Thread-4] org.apache.coyote.AbstractProtocol.pause Pausing ProtocolHandler ["http-nio-8080"]
02-Aug-2018 09:26:49.129 資訊 [Thread-4] org.apache.coyote.AbstractProtocol.pause Pausing ProtocolHandler ["ajp-nio-8009"]
02-Aug-2018 09:26:49.182 資訊 [Thread-4] org.apache.catalina.core.StandardService.stopInternal Stopping service Catalina
02-Aug-2018 09:26:49.261 資訊 [localhost-startStop-2] org.springframework.context.support.AbstractApplicationContext.doClose Closing WebApplicationContext for namespace 'dispatcher-servlet': startup date [Thu Aug 02 09:23:13 CST 2018]; root of context hierarchy
02-Aug-2018 09:26:49.303 資訊 [Thread-4] org.apache.coyote.AbstractProtocol.stop Stopping ProtocolHandler ["http-nio-8080"]
02-Aug-2018 09:26:49.309 資訊 [Thread-4] org.apache.coyote.AbstractProtocol.stop Stopping ProtocolHandler ["ajp-nio-8009"]
02-Aug-2018 09:26:49.314 資訊 [Thread-4] org.apache.coyote.AbstractProtocol.destroy Destroying ProtocolHandler ["http-nio-8080"]
02-Aug-2018 09:26:49.315 資訊 [Thread-4] org.apache.coyote.AbstractProtocol.destroy Destroying ProtocolHandler ["ajp-nio-8009"]
02-Aug-2018 09:29:28.712 資訊 [main] org.apache.catalina.startup.VersionLoggerListener.log Server version:        Apache Tomcat/8.0.53
02-Aug-2018 09:29:28.720 資訊 [main] org.apache.catalina.startup.VersionLoggerListener.log Server built:          Jun 29 2018 14:42:45 UTC
02-Aug-2018 09:29:28.722 資訊 [main] org.apache.catalina.startup.VersionLoggerListener.log Server number:         8.0.53.0
02-Aug-2018 09:29:28.724 資訊 [main] org.apache.catalina.startup.VersionLoggerListener.log OS Name:               Mac OS X
02-Aug-2018 09:29:28.726 資訊 [main] org.apache.catalina.startup.VersionLoggerListener.log OS Version:            10.13.4
02-Aug-2018 09:29:28.727 資訊 [main] org.apache.catalina.startup.VersionLoggerListener.log Architecture:          x86_64
02-Aug-2018 09:29:28.728 資訊 [main] org.apache.catalina.startup.VersionLoggerListener.log Java Home:             /Library/Java/JavaVirtualMachines/jdk-9.jdk/Contents/Home
02-Aug-2018 09:29:28.728 資訊 [main] org.apache.catalina.startup.VersionLoggerListener.log JVM Version:           9+181
02-Aug-2018 09:29:28.729 資訊 [main] org.apache.catalina.startup.VersionLoggerListener.log JVM Vendor:            Oracle Corporation
02-Aug-2018 09:29:28.729 資訊 [main] org.apache.catalina.startup.VersionLoggerListener.log CATALINA_BASE:         /Users/kai/Desktop/code-practice/apache-tomcat-8.0.53
02-Aug-2018 09:29:28.730 資訊 [main] org.apache.catalina.startup.VersionLoggerListener.log CATALINA_HOME:         /Users/kai/Desktop/code-practice/apache-tomcat-8.0.53
02-Aug-2018 09:29:28.732 資訊 [main] org.apache.catalina.startup.VersionLoggerListener.log Command line argument: --add-opens=java.base/java.lang=ALL-UNNAMED
02-Aug-2018 09:29:28.732 資訊 [main] org.apache.catalina.startup.VersionLoggerListener.log Command line argument: --add-opens=java.base/java.io=ALL-UNNAMED
02-Aug-2018 09:29:28.733 資訊 [main] org.apache.catalina.startup.VersionLoggerListener.log Command line argument: --add-opens=java.rmi/sun.rmi.transport=ALL-UNNAMED
02-Aug-2018 09:29:28.734 資訊 [main] org.apache.catalina.startup.VersionLoggerListener.log Command line argument: -Djava.util.logging.config.file=/Users/kai/Desktop/code-practice/apache-tomcat-8.0.53/conf/logging.properties
02-Aug-2018 09:29:28.734 資訊 [main] org.apache.catalina.startup.VersionLoggerListener.log Command line argument: -Djava.util.logging.manager=org.apache.juli.ClassLoaderLogManager
02-Aug-2018 09:29:28.737 資訊 [main] org.apache.catalina.startup.VersionLoggerListener.log Command line argument: -Djdk.tls.ephemeralDHKeySize=2048
02-Aug-2018 09:29:28.737 資訊 [main] org.apache.catalina.startup.VersionLoggerListener.log Command line argument: -Djava.protocol.handler.pkgs=org.apache.catalina.webresources
02-Aug-2018 09:29:28.738 資訊 [main] org.apache.catalina.startup.VersionLoggerListener.log Command line argument: -Dignore.endorsed.dirs=
02-Aug-2018 09:29:28.738 資訊 [main] org.apache.catalina.startup.VersionLoggerListener.log Command line argument: -Dcatalina.base=/Users/kai/Desktop/code-practice/apache-tomcat-8.0.53
02-Aug-2018 09:29:28.738 資訊 [main] org.apache.catalina.startup.VersionLoggerListener.log Command line argument: -Dcatalina.home=/Users/kai/Desktop/code-practice/apache-tomcat-8.0.53
02-Aug-2018 09:29:28.738 資訊 [main] org.apache.catalina.startup.VersionLoggerListener.log Command line argument: -Djava.io.tmpdir=/Users/kai/Desktop/code-practice/apache-tomcat-8.0.53/temp
02-Aug-2018 09:29:28.739 資訊 [main] org.apache.catalina.core.AprLifecycleListener.lifecycleEvent The APR based Apache Tomcat Native library which allows optimal performance in production environments was not found on the java.library.path: /Users/kai/Library/Java/Extensions:/Library/Java/Extensions:/Network/Library/Java/Extensions:/System/Library/Java/Extensions:/usr/lib/java:.
02-Aug-2018 09:29:28.833 資訊 [main] org.apache.coyote.AbstractProtocol.init Initializing ProtocolHandler ["http-nio-8080"]
02-Aug-2018 09:29:28.874 資訊 [main] org.apache.tomcat.util.net.NioSelectorPool.getSharedSelector Using a shared selector for servlet write/read
02-Aug-2018 09:29:28.881 資訊 [main] org.apache.coyote.AbstractProtocol.init Initializing ProtocolHandler ["ajp-nio-8009"]
02-Aug-2018 09:29:28.890 資訊 [main] org.apache.tomcat.util.net.NioSelectorPool.getSharedSelector Using a shared selector for servlet write/read
02-Aug-2018 09:29:28.891 資訊 [main] org.apache.catalina.startup.Catalina.load Initialization processed in 947 ms
02-Aug-2018 09:29:29.028 資訊 [main] org.apache.catalina.core.StandardService.startInternal Starting service Catalina
02-Aug-2018 09:29:29.028 資訊 [main] org.apache.catalina.core.StandardEngine.startInternal Starting Servlet Engine: Apache Tomcat/8.0.53
02-Aug-2018 09:29:29.069 資訊 [localhost-startStop-1] org.apache.catalina.startup.HostConfig.deployWAR Deploying web application archive /Users/kai/Desktop/code-practice/apache-tomcat-8.0.53/webapps/spring4mvc-helloworld.war
02-Aug-2018 09:29:31.692 資訊 [localhost-startStop-1] org.apache.jasper.servlet.TldScanner.scanJars At least one JAR was scanned for TLDs yet contained no TLDs. Enable debug logging for this logger for a complete list of JARs that were scanned but no TLDs were found in them. Skipping unneeded JARs during scanning can improve startup time and JSP compilation time.
02-Aug-2018 09:29:32.201 資訊 [localhost-startStop-1] org.springframework.web.servlet.FrameworkServlet.initServletBean FrameworkServlet 'dispatcher': initialization started
02-Aug-2018 09:29:32.261 資訊 [localhost-startStop-1] org.springframework.context.support.AbstractApplicationContext.prepareRefresh Refreshing WebApplicationContext for namespace 'dispatcher-servlet': startup date [Thu Aug 02 09:29:32 CST 2018]; root of context hierarchy
02-Aug-2018 09:29:32.354 資訊 [localhost-startStop-1] org.springframework.beans.factory.xml.XmlBeanDefinitionReader.loadBeanDefinitions Loading XML bean definitions from ServletContext resource [/WEB-INF/spring-servlet.xml]
02-Aug-2018 09:29:33.138 資訊 [localhost-startStop-1] org.springframework.web.servlet.handler.AbstractHandlerMethodMapping.registerHandlerMethod Mapped "{[/ || /index],methods=[GET],params=[],headers=[],consumes=[],produces=[],custom=[]}" onto public org.springframework.web.servlet.ModelAndView com.lucasko.controller.APIsController.index()
02-Aug-2018 09:29:33.138 資訊 [localhost-startStop-1] org.springframework.web.servlet.handler.AbstractHandlerMethodMapping.registerHandlerMethod Mapped "{[/ntust/profile],methods=[POST],params=[],headers=[],consumes=[],produces=[],custom=[]}" onto public java.lang.String com.lucasko.controller.APIsController.profile(java.lang.String) throws org.json.JSONException
02-Aug-2018 09:29:33.139 資訊 [localhost-startStop-1] org.springframework.web.servlet.handler.AbstractHandlerMethodMapping.registerHandlerMethod Mapped "{[/ntust/update/name],methods=[POST],params=[],headers=[],consumes=[],produces=[],custom=[]}" onto public java.lang.String com.lucasko.controller.APIsController.update(java.lang.String) throws org.json.JSONException
02-Aug-2018 09:29:33.139 資訊 [localhost-startStop-1] org.springframework.web.servlet.handler.AbstractHandlerMethodMapping.registerHandlerMethod Mapped "{[/ntust/student/{id}],methods=[GET],params=[],headers=[],consumes=[],produces=[],custom=[]}" onto public java.lang.String com.lucasko.controller.APIsController.hello1(java.lang.String) throws org.json.JSONException
02-Aug-2018 09:29:33.140 資訊 [localhost-startStop-1] org.springframework.web.servlet.handler.AbstractHandlerMethodMapping.registerHandlerMethod Mapped "{[/index2],methods=[POST],params=[],headers=[],consumes=[],produces=[],custom=[]}" onto public org.springframework.web.servlet.ModelAndView com.lucasko.controller.APIsController.login(java.lang.String) throws org.json.JSONException
02-Aug-2018 09:29:33.140 資訊 [localhost-startStop-1] org.springframework.web.servlet.handler.AbstractHandlerMethodMapping.registerHandlerMethod Mapped "{[/ntust/user],methods=[POST],params=[],headers=[],consumes=[],produces=[application/json;charset=utf-8],custom=[]}" onto public java.lang.String com.lucasko.controller.APIsController.user(com.lucasko.controller.User) throws org.json.JSONException
02-Aug-2018 09:29:33.141 資訊 [localhost-startStop-1] org.springframework.web.servlet.handler.AbstractHandlerMethodMapping.registerHandlerMethod Mapped "{[/ntust/student],methods=[GET],params=[],headers=[],consumes=[],produces=[],custom=[]}" onto public java.lang.String com.lucasko.controller.APIsController.hello(java.lang.String) throws org.json.JSONException
02-Aug-2018 09:29:33.657 資訊 [localhost-startStop-1] org.springframework.web.servlet.handler.AbstractUrlHandlerMapping.registerHandler Mapped URL path [/**] onto handler 'org.springframework.web.servlet.resource.DefaultServletHttpRequestHandler#0'
02-Aug-2018 09:29:33.738 資訊 [localhost-startStop-1] org.springframework.web.servlet.FrameworkServlet.initServletBean FrameworkServlet 'dispatcher': initialization completed in 1536 ms
02-Aug-2018 09:29:33.758 資訊 [localhost-startStop-1] org.apache.catalina.startup.HostConfig.deployWAR Deployment of web application archive /Users/kai/Desktop/code-practice/apache-tomcat-8.0.53/webapps/spring4mvc-helloworld.war has finished in 4,688 ms
02-Aug-2018 09:29:33.760 資訊 [localhost-startStop-1] org.apache.catalina.startup.HostConfig.deployDirectory Deploying web application directory /Users/kai/Desktop/code-practice/apache-tomcat-8.0.53/webapps/docs
02-Aug-2018 09:29:33.804 資訊 [localhost-startStop-1] org.apache.catalina.startup.HostConfig.deployDirectory Deployment of web application directory /Users/kai/Desktop/code-practice/apache-tomcat-8.0.53/webapps/docs has finished in 45 ms
02-Aug-2018 09:29:33.805 資訊 [localhost-startStop-1] org.apache.catalina.startup.HostConfig.deployDirectory Deploying web application directory /Users/kai/Desktop/code-practice/apache-tomcat-8.0.53/webapps/manager
02-Aug-2018 09:29:33.872 資訊 [localhost-startStop-1] org.apache.catalina.startup.HostConfig.deployDirectory Deployment of web application directory /Users/kai/Desktop/code-practice/apache-tomcat-8.0.53/webapps/manager has finished in 67 ms
02-Aug-2018 09:29:33.873 資訊 [localhost-startStop-1] org.apache.catalina.startup.HostConfig.deployDirectory Deploying web application directory /Users/kai/Desktop/code-practice/apache-tomcat-8.0.53/webapps/examples
02-Aug-2018 09:29:34.228 資訊 [localhost-startStop-1] org.apache.catalina.startup.HostConfig.deployDirectory Deployment of web application directory /Users/kai/Desktop/code-practice/apache-tomcat-8.0.53/webapps/examples has finished in 355 ms
02-Aug-2018 09:29:34.228 資訊 [localhost-startStop-1] org.apache.catalina.startup.HostConfig.deployDirectory Deploying web application directory /Users/kai/Desktop/code-practice/apache-tomcat-8.0.53/webapps/ROOT
02-Aug-2018 09:29:34.255 資訊 [localhost-startStop-1] org.apache.catalina.startup.HostConfig.deployDirectory Deployment of web application directory /Users/kai/Desktop/code-practice/apache-tomcat-8.0.53/webapps/ROOT has finished in 27 ms
02-Aug-2018 09:29:34.255 資訊 [localhost-startStop-1] org.apache.catalina.startup.HostConfig.deployDirectory Deploying web application directory /Users/kai/Desktop/code-practice/apache-tomcat-8.0.53/webapps/host-manager
02-Aug-2018 09:29:34.294 資訊 [localhost-startStop-1] org.apache.catalina.startup.HostConfig.deployDirectory Deployment of web application directory /Users/kai/Desktop/code-practice/apache-tomcat-8.0.53/webapps/host-manager has finished in 38 ms
02-Aug-2018 09:29:34.300 資訊 [main] org.apache.coyote.AbstractProtocol.start Starting ProtocolHandler ["http-nio-8080"]
02-Aug-2018 09:29:34.311 資訊 [main] org.apache.coyote.AbstractProtocol.start Starting ProtocolHandler ["ajp-nio-8009"]
02-Aug-2018 09:29:34.313 資訊 [main] org.apache.catalina.startup.Catalina.start Server startup in 5420 ms
02-Aug-2018 09:38:48.649 資訊 [main] org.apache.catalina.startup.VersionLoggerListener.log Server version:        Apache Tomcat/8.0.53
02-Aug-2018 09:38:48.659 資訊 [main] org.apache.catalina.startup.VersionLoggerListener.log Server built:          Jun 29 2018 14:42:45 UTC
02-Aug-2018 09:38:48.660 資訊 [main] org.apache.catalina.startup.VersionLoggerListener.log Server number:         8.0.53.0
02-Aug-2018 09:38:48.660 資訊 [main] org.apache.catalina.startup.VersionLoggerListener.log OS Name:               Mac OS X
02-Aug-2018 09:38:48.661 資訊 [main] org.apache.catalina.startup.VersionLoggerListener.log OS Version:            10.13.4
02-Aug-2018 09:38:48.661 資訊 [main] org.apache.catalina.startup.VersionLoggerListener.log Architecture:          x86_64
02-Aug-2018 09:38:48.662 資訊 [main] org.apache.catalina.startup.VersionLoggerListener.log Java Home:             /Library/Java/JavaVirtualMachines/jdk-9.jdk/Contents/Home
02-Aug-2018 09:38:48.662 資訊 [main] org.apache.catalina.startup.VersionLoggerListener.log JVM Version:           9+181
02-Aug-2018 09:38:48.662 資訊 [main] org.apache.catalina.startup.VersionLoggerListener.log JVM Vendor:            Oracle Corporation
02-Aug-2018 09:38:48.662 資訊 [main] org.apache.catalina.startup.VersionLoggerListener.log CATALINA_BASE:         /Users/kai/Desktop/code-practice/apache-tomcat-8.0.53
02-Aug-2018 09:38:48.663 資訊 [main] org.apache.catalina.startup.VersionLoggerListener.log CATALINA_HOME:         /Users/kai/Desktop/code-practice/apache-tomcat-8.0.53
02-Aug-2018 09:38:48.665 資訊 [main] org.apache.catalina.startup.VersionLoggerListener.log Command line argument: --add-opens=java.base/java.lang=ALL-UNNAMED
02-Aug-2018 09:38:48.665 資訊 [main] org.apache.catalina.startup.VersionLoggerListener.log Command line argument: --add-opens=java.base/java.io=ALL-UNNAMED
02-Aug-2018 09:38:48.665 資訊 [main] org.apache.catalina.startup.VersionLoggerListener.log Command line argument: --add-opens=java.rmi/sun.rmi.transport=ALL-UNNAMED
02-Aug-2018 09:38:48.666 資訊 [main] org.apache.catalina.startup.VersionLoggerListener.log Command line argument: -Djava.util.logging.config.file=/Users/kai/Desktop/code-practice/apache-tomcat-8.0.53/conf/logging.properties
02-Aug-2018 09:38:48.666 資訊 [main] org.apache.catalina.startup.VersionLoggerListener.log Command line argument: -Djava.util.logging.manager=org.apache.juli.ClassLoaderLogManager
02-Aug-2018 09:38:48.667 資訊 [main] org.apache.catalina.startup.VersionLoggerListener.log Command line argument: -Djdk.tls.ephemeralDHKeySize=2048
02-Aug-2018 09:38:48.667 資訊 [main] org.apache.catalina.startup.VersionLoggerListener.log Command line argument: -Djava.protocol.handler.pkgs=org.apache.catalina.webresources
02-Aug-2018 09:38:48.668 資訊 [main] org.apache.catalina.startup.VersionLoggerListener.log Command line argument: -Dignore.endorsed.dirs=
02-Aug-2018 09:38:48.668 資訊 [main] org.apache.catalina.startup.VersionLoggerListener.log Command line argument: -Dcatalina.base=/Users/kai/Desktop/code-practice/apache-tomcat-8.0.53
02-Aug-2018 09:38:48.669 資訊 [main] org.apache.catalina.startup.VersionLoggerListener.log Command line argument: -Dcatalina.home=/Users/kai/Desktop/code-practice/apache-tomcat-8.0.53
02-Aug-2018 09:38:48.669 資訊 [main] org.apache.catalina.startup.VersionLoggerListener.log Command line argument: -Djava.io.tmpdir=/Users/kai/Desktop/code-practice/apache-tomcat-8.0.53/temp
02-Aug-2018 09:38:48.670 資訊 [main] org.apache.catalina.core.AprLifecycleListener.lifecycleEvent The APR based Apache Tomcat Native library which allows optimal performance in production environments was not found on the java.library.path: /Users/kai/Library/Java/Extensions:/Library/Java/Extensions:/Network/Library/Java/Extensions:/System/Library/Java/Extensions:/usr/lib/java:.
02-Aug-2018 09:38:48.768 資訊 [main] org.apache.coyote.AbstractProtocol.init Initializing ProtocolHandler ["http-nio-8080"]
02-Aug-2018 09:38:48.799 嚴重 [main] org.apache.coyote.AbstractProtocol.init Failed to initialize end point associated with ProtocolHandler ["http-nio-8080"]
 java.net.BindException: Address already in use
	at java.base/sun.nio.ch.Net.bind0(Native Method)
	at java.base/sun.nio.ch.Net.bind(Net.java:433)
	at java.base/sun.nio.ch.Net.bind(Net.java:425)
	at java.base/sun.nio.ch.ServerSocketChannelImpl.bind(ServerSocketChannelImpl.java:225)
	at java.base/sun.nio.ch.ServerSocketAdaptor.bind(ServerSocketAdaptor.java:74)
	at org.apache.tomcat.util.net.NioEndpoint.bind(NioEndpoint.java:350)
	at org.apache.tomcat.util.net.AbstractEndpoint.init(AbstractEndpoint.java:823)
	at org.apache.coyote.AbstractProtocol.init(AbstractProtocol.java:476)
	at org.apache.coyote.http11.AbstractHttp11JsseProtocol.init(AbstractHttp11JsseProtocol.java:120)
	at org.apache.catalina.connector.Connector.initInternal(Connector.java:960)
	at org.apache.catalina.util.LifecycleBase.init(LifecycleBase.java:102)
	at org.apache.catalina.core.StandardService.initInternal(StandardService.java:568)
	at org.apache.catalina.util.LifecycleBase.init(LifecycleBase.java:102)
	at org.apache.catalina.core.StandardServer.initInternal(StandardServer.java:871)
	at org.apache.catalina.util.LifecycleBase.init(LifecycleBase.java:102)
	at org.apache.catalina.startup.Catalina.load(Catalina.java:592)
	at org.apache.catalina.startup.Catalina.load(Catalina.java:615)
	at java.base/jdk.internal.reflect.NativeMethodAccessorImpl.invoke0(Native Method)
	at java.base/jdk.internal.reflect.NativeMethodAccessorImpl.invoke(NativeMethodAccessorImpl.java:62)
	at java.base/jdk.internal.reflect.DelegatingMethodAccessorImpl.invoke(DelegatingMethodAccessorImpl.java:43)
	at java.base/java.lang.reflect.Method.invoke(Method.java:564)
	at org.apache.catalina.startup.Bootstrap.load(Bootstrap.java:308)
	at org.apache.catalina.startup.Bootstrap.main(Bootstrap.java:482)

02-Aug-2018 09:38:48.801 嚴重 [main] org.apache.catalina.core.StandardService.initInternal Failed to initialize connector [Connector[HTTP/1.1-8080]]
 org.apache.catalina.LifecycleException: Failed to initialize component [Connector[HTTP/1.1-8080]]
	at org.apache.catalina.util.LifecycleBase.init(LifecycleBase.java:107)
	at org.apache.catalina.core.StandardService.initInternal(StandardService.java:568)
	at org.apache.catalina.util.LifecycleBase.init(LifecycleBase.java:102)
	at org.apache.catalina.core.StandardServer.initInternal(StandardServer.java:871)
	at org.apache.catalina.util.LifecycleBase.init(LifecycleBase.java:102)
	at org.apache.catalina.startup.Catalina.load(Catalina.java:592)
	at org.apache.catalina.startup.Catalina.load(Catalina.java:615)
	at java.base/jdk.internal.reflect.NativeMethodAccessorImpl.invoke0(Native Method)
	at java.base/jdk.internal.reflect.NativeMethodAccessorImpl.invoke(NativeMethodAccessorImpl.java:62)
	at java.base/jdk.internal.reflect.DelegatingMethodAccessorImpl.invoke(DelegatingMethodAccessorImpl.java:43)
	at java.base/java.lang.reflect.Method.invoke(Method.java:564)
	at org.apache.catalina.startup.Bootstrap.load(Bootstrap.java:308)
	at org.apache.catalina.startup.Bootstrap.main(Bootstrap.java:482)
Caused by: org.apache.catalina.LifecycleException: Protocol handler initialization failed
	at org.apache.catalina.connector.Connector.initInternal(Connector.java:962)
	at org.apache.catalina.util.LifecycleBase.init(LifecycleBase.java:102)
	... 12 more
Caused by: java.net.BindException: Address already in use
	at java.base/sun.nio.ch.Net.bind0(Native Method)
	at java.base/sun.nio.ch.Net.bind(Net.java:433)
	at java.base/sun.nio.ch.Net.bind(Net.java:425)
	at java.base/sun.nio.ch.ServerSocketChannelImpl.bind(ServerSocketChannelImpl.java:225)
	at java.base/sun.nio.ch.ServerSocketAdaptor.bind(ServerSocketAdaptor.java:74)
	at org.apache.tomcat.util.net.NioEndpoint.bind(NioEndpoint.java:350)
	at org.apache.tomcat.util.net.AbstractEndpoint.init(AbstractEndpoint.java:823)
	at org.apache.coyote.AbstractProtocol.init(AbstractProtocol.java:476)
	at org.apache.coyote.http11.AbstractHttp11JsseProtocol.init(AbstractHttp11JsseProtocol.java:120)
	at org.apache.catalina.connector.Connector.initInternal(Connector.java:960)
	... 13 more

02-Aug-2018 09:38:48.815 資訊 [main] org.apache.coyote.AbstractProtocol.init Initializing ProtocolHandler ["ajp-nio-8009"]
02-Aug-2018 09:38:48.818 嚴重 [main] org.apache.coyote.AbstractProtocol.init Failed to initialize end point associated with ProtocolHandler ["ajp-nio-8009"]
 java.net.BindException: Address already in use
	at java.base/sun.nio.ch.Net.bind0(Native Method)
	at java.base/sun.nio.ch.Net.bind(Net.java:433)
	at java.base/sun.nio.ch.Net.bind(Net.java:425)
	at java.base/sun.nio.ch.ServerSocketChannelImpl.bind(ServerSocketChannelImpl.java:225)
	at java.base/sun.nio.ch.ServerSocketAdaptor.bind(ServerSocketAdaptor.java:74)
	at org.apache.tomcat.util.net.NioEndpoint.bind(NioEndpoint.java:350)
	at org.apache.tomcat.util.net.AbstractEndpoint.init(AbstractEndpoint.java:823)
	at org.apache.coyote.AbstractProtocol.init(AbstractProtocol.java:476)
	at org.apache.catalina.connector.Connector.initInternal(Connector.java:960)
	at org.apache.catalina.util.LifecycleBase.init(LifecycleBase.java:102)
	at org.apache.catalina.core.StandardService.initInternal(StandardService.java:568)
	at org.apache.catalina.util.LifecycleBase.init(LifecycleBase.java:102)
	at org.apache.catalina.core.StandardServer.initInternal(StandardServer.java:871)
	at org.apache.catalina.util.LifecycleBase.init(LifecycleBase.java:102)
	at org.apache.catalina.startup.Catalina.load(Catalina.java:592)
	at org.apache.catalina.startup.Catalina.load(Catalina.java:615)
	at java.base/jdk.internal.reflect.NativeMethodAccessorImpl.invoke0(Native Method)
	at java.base/jdk.internal.reflect.NativeMethodAccessorImpl.invoke(NativeMethodAccessorImpl.java:62)
	at java.base/jdk.internal.reflect.DelegatingMethodAccessorImpl.invoke(DelegatingMethodAccessorImpl.java:43)
	at java.base/java.lang.reflect.Method.invoke(Method.java:564)
	at org.apache.catalina.startup.Bootstrap.load(Bootstrap.java:308)
	at org.apache.catalina.startup.Bootstrap.main(Bootstrap.java:482)

02-Aug-2018 09:38:48.819 嚴重 [main] org.apache.catalina.core.StandardService.initInternal Failed to initialize connector [Connector[AJP/1.3-8009]]
 org.apache.catalina.LifecycleException: Failed to initialize component [Connector[AJP/1.3-8009]]
	at org.apache.catalina.util.LifecycleBase.init(LifecycleBase.java:107)
	at org.apache.catalina.core.StandardService.initInternal(StandardService.java:568)
	at org.apache.catalina.util.LifecycleBase.init(LifecycleBase.java:102)
	at org.apache.catalina.core.StandardServer.initInternal(StandardServer.java:871)
	at org.apache.catalina.util.LifecycleBase.init(LifecycleBase.java:102)
	at org.apache.catalina.startup.Catalina.load(Catalina.java:592)
	at org.apache.catalina.startup.Catalina.load(Catalina.java:615)
	at java.base/jdk.internal.reflect.NativeMethodAccessorImpl.invoke0(Native Method)
	at java.base/jdk.internal.reflect.NativeMethodAccessorImpl.invoke(NativeMethodAccessorImpl.java:62)
	at java.base/jdk.internal.reflect.DelegatingMethodAccessorImpl.invoke(DelegatingMethodAccessorImpl.java:43)
	at java.base/java.lang.reflect.Method.invoke(Method.java:564)
	at org.apache.catalina.startup.Bootstrap.load(Bootstrap.java:308)
	at org.apache.catalina.startup.Bootstrap.main(Bootstrap.java:482)
Caused by: org.apache.catalina.LifecycleException: Protocol handler initialization failed
	at org.apache.catalina.connector.Connector.initInternal(Connector.java:962)
	at org.apache.catalina.util.LifecycleBase.init(LifecycleBase.java:102)
	... 12 more
Caused by: java.net.BindException: Address already in use
	at java.base/sun.nio.ch.Net.bind0(Native Method)
	at java.base/sun.nio.ch.Net.bind(Net.java:433)
	at java.base/sun.nio.ch.Net.bind(Net.java:425)
	at java.base/sun.nio.ch.ServerSocketChannelImpl.bind(ServerSocketChannelImpl.java:225)
	at java.base/sun.nio.ch.ServerSocketAdaptor.bind(ServerSocketAdaptor.java:74)
	at org.apache.tomcat.util.net.NioEndpoint.bind(NioEndpoint.java:350)
	at org.apache.tomcat.util.net.AbstractEndpoint.init(AbstractEndpoint.java:823)
	at org.apache.coyote.AbstractProtocol.init(AbstractProtocol.java:476)
	at org.apache.catalina.connector.Connector.initInternal(Connector.java:960)
	... 13 more

02-Aug-2018 09:38:48.821 資訊 [main] org.apache.catalina.startup.Catalina.load Initialization processed in 871 ms
02-Aug-2018 09:38:48.935 資訊 [main] org.apache.catalina.core.StandardService.startInternal Starting service Catalina
02-Aug-2018 09:38:48.936 資訊 [main] org.apache.catalina.core.StandardEngine.startInternal Starting Servlet Engine: Apache Tomcat/8.0.53
02-Aug-2018 09:38:48.968 資訊 [localhost-startStop-1] org.apache.catalina.startup.HostConfig.deployWAR Deploying web application archive /Users/kai/Desktop/code-practice/apache-tomcat-8.0.53/webapps/spring4mvc-helloworld.war
02-Aug-2018 09:38:50.668 資訊 [localhost-startStop-1] org.apache.jasper.servlet.TldScanner.scanJars At least one JAR was scanned for TLDs yet contained no TLDs. Enable debug logging for this logger for a complete list of JARs that were scanned but no TLDs were found in them. Skipping unneeded JARs during scanning can improve startup time and JSP compilation time.
02-Aug-2018 09:38:51.023 資訊 [localhost-startStop-1] org.springframework.web.servlet.FrameworkServlet.initServletBean FrameworkServlet 'dispatcher': initialization started
02-Aug-2018 09:38:51.097 資訊 [localhost-startStop-1] org.springframework.context.support.AbstractApplicationContext.prepareRefresh Refreshing WebApplicationContext for namespace 'dispatcher-servlet': startup date [Thu Aug 02 09:38:51 CST 2018]; root of context hierarchy
02-Aug-2018 09:38:51.214 資訊 [localhost-startStop-1] org.springframework.beans.factory.xml.XmlBeanDefinitionReader.loadBeanDefinitions Loading XML bean definitions from ServletContext resource [/WEB-INF/spring-servlet.xml]
02-Aug-2018 09:38:51.858 資訊 [localhost-startStop-1] org.springframework.web.servlet.handler.AbstractHandlerMethodMapping.registerHandlerMethod Mapped "{[/ || /index],methods=[GET],params=[],headers=[],consumes=[],produces=[],custom=[]}" onto public org.springframework.web.servlet.ModelAndView com.lucasko.controller.APIsController.index()
02-Aug-2018 09:38:51.859 資訊 [localhost-startStop-1] org.springframework.web.servlet.handler.AbstractHandlerMethodMapping.registerHandlerMethod Mapped "{[/ntust/profile],methods=[POST],params=[],headers=[],consumes=[],produces=[],custom=[]}" onto public java.lang.String com.lucasko.controller.APIsController.profile(java.lang.String) throws org.json.JSONException
02-Aug-2018 09:38:51.860 資訊 [localhost-startStop-1] org.springframework.web.servlet.handler.AbstractHandlerMethodMapping.registerHandlerMethod Mapped "{[/ntust/update/name],methods=[POST],params=[],headers=[],consumes=[],produces=[],custom=[]}" onto public java.lang.String com.lucasko.controller.APIsController.update(java.lang.String) throws org.json.JSONException
02-Aug-2018 09:38:51.860 資訊 [localhost-startStop-1] org.springframework.web.servlet.handler.AbstractHandlerMethodMapping.registerHandlerMethod Mapped "{[/index2],methods=[POST],params=[],headers=[],consumes=[],produces=[],custom=[]}" onto public org.springframework.web.servlet.ModelAndView com.lucasko.controller.APIsController.login(java.lang.String) throws org.json.JSONException
02-Aug-2018 09:38:51.861 資訊 [localhost-startStop-1] org.springframework.web.servlet.handler.AbstractHandlerMethodMapping.registerHandlerMethod Mapped "{[/ntust/student/{id}],methods=[GET],params=[],headers=[],consumes=[],produces=[],custom=[]}" onto public java.lang.String com.lucasko.controller.APIsController.hello1(java.lang.String) throws org.json.JSONException
02-Aug-2018 09:38:51.862 資訊 [localhost-startStop-1] org.springframework.web.servlet.handler.AbstractHandlerMethodMapping.registerHandlerMethod Mapped "{[/ntust/student],methods=[GET],params=[],headers=[],consumes=[],produces=[],custom=[]}" onto public java.lang.String com.lucasko.controller.APIsController.hello(java.lang.String) throws org.json.JSONException
02-Aug-2018 09:38:51.863 資訊 [localhost-startStop-1] org.springframework.web.servlet.handler.AbstractHandlerMethodMapping.registerHandlerMethod Mapped "{[/ntust/user],methods=[POST],params=[],headers=[],consumes=[],produces=[application/json;charset=utf-8],custom=[]}" onto public java.lang.String com.lucasko.controller.APIsController.user(com.lucasko.controller.User) throws org.json.JSONException
02-Aug-2018 09:38:52.344 資訊 [localhost-startStop-1] org.springframework.web.servlet.handler.AbstractUrlHandlerMapping.registerHandler Mapped URL path [/**] onto handler 'org.springframework.web.servlet.resource.DefaultServletHttpRequestHandler#0'
02-Aug-2018 09:38:52.404 資訊 [localhost-startStop-1] org.springframework.web.servlet.FrameworkServlet.initServletBean FrameworkServlet 'dispatcher': initialization completed in 1380 ms
02-Aug-2018 09:38:52.418 資訊 [localhost-startStop-1] org.apache.catalina.startup.HostConfig.deployWAR Deployment of web application archive /Users/kai/Desktop/code-practice/apache-tomcat-8.0.53/webapps/spring4mvc-helloworld.war has finished in 3,449 ms
02-Aug-2018 09:38:52.422 資訊 [localhost-startStop-1] org.apache.catalina.startup.HostConfig.deployDirectory Deploying web application directory /Users/kai/Desktop/code-practice/apache-tomcat-8.0.53/webapps/docs
02-Aug-2018 09:38:52.471 資訊 [localhost-startStop-1] org.apache.catalina.startup.HostConfig.deployDirectory Deployment of web application directory /Users/kai/Desktop/code-practice/apache-tomcat-8.0.53/webapps/docs has finished in 49 ms
02-Aug-2018 09:38:52.472 資訊 [localhost-startStop-1] org.apache.catalina.startup.HostConfig.deployDirectory Deploying web application directory /Users/kai/Desktop/code-practice/apache-tomcat-8.0.53/webapps/manager
02-Aug-2018 09:38:52.550 資訊 [localhost-startStop-1] org.apache.catalina.startup.HostConfig.deployDirectory Deployment of web application directory /Users/kai/Desktop/code-practice/apache-tomcat-8.0.53/webapps/manager has finished in 78 ms
02-Aug-2018 09:38:52.551 資訊 [localhost-startStop-1] org.apache.catalina.startup.HostConfig.deployDirectory Deploying web application directory /Users/kai/Desktop/code-practice/apache-tomcat-8.0.53/webapps/examples
02-Aug-2018 09:38:52.885 資訊 [localhost-startStop-1] org.apache.catalina.startup.HostConfig.deployDirectory Deployment of web application directory /Users/kai/Desktop/code-practice/apache-tomcat-8.0.53/webapps/examples has finished in 333 ms
02-Aug-2018 09:38:52.886 資訊 [localhost-startStop-1] org.apache.catalina.startup.HostConfig.deployDirectory Deploying web application directory /Users/kai/Desktop/code-practice/apache-tomcat-8.0.53/webapps/ROOT
02-Aug-2018 09:38:52.908 資訊 [localhost-startStop-1] org.apache.catalina.startup.HostConfig.deployDirectory Deployment of web application directory /Users/kai/Desktop/code-practice/apache-tomcat-8.0.53/webapps/ROOT has finished in 22 ms
02-Aug-2018 09:38:52.909 資訊 [localhost-startStop-1] org.apache.catalina.startup.HostConfig.deployDirectory Deploying web application directory /Users/kai/Desktop/code-practice/apache-tomcat-8.0.53/webapps/host-manager
02-Aug-2018 09:38:52.938 資訊 [localhost-startStop-1] org.apache.catalina.startup.HostConfig.deployDirectory Deployment of web application directory /Users/kai/Desktop/code-practice/apache-tomcat-8.0.53/webapps/host-manager has finished in 29 ms
02-Aug-2018 09:38:52.945 資訊 [main] org.apache.catalina.startup.Catalina.start Server startup in 4123 ms
02-Aug-2018 09:38:52.980 嚴重 [main] org.apache.catalina.core.StandardServer.await StandardServer.await: create[localhost:8005]: 
 java.net.BindException: Address already in use (Bind failed)
	at java.base/java.net.PlainSocketImpl.socketBind(Native Method)
	at java.base/java.net.AbstractPlainSocketImpl.bind(AbstractPlainSocketImpl.java:437)
	at java.base/java.net.ServerSocket.bind(ServerSocket.java:381)
	at java.base/java.net.ServerSocket.<init>(ServerSocket.java:243)
	at org.apache.catalina.core.StandardServer.await(StandardServer.java:438)
	at org.apache.catalina.startup.Catalina.await(Catalina.java:729)
	at org.apache.catalina.startup.Catalina.start(Catalina.java:675)
	at java.base/jdk.internal.reflect.NativeMethodAccessorImpl.invoke0(Native Method)
	at java.base/jdk.internal.reflect.NativeMethodAccessorImpl.invoke(NativeMethodAccessorImpl.java:62)
	at java.base/jdk.internal.reflect.DelegatingMethodAccessorImpl.invoke(DelegatingMethodAccessorImpl.java:43)
	at java.base/java.lang.reflect.Method.invoke(Method.java:564)
	at org.apache.catalina.startup.Bootstrap.start(Bootstrap.java:349)
	at org.apache.catalina.startup.Bootstrap.main(Bootstrap.java:483)

02-Aug-2018 09:38:52.981 資訊 [main] org.apache.coyote.AbstractProtocol.pause Pausing ProtocolHandler ["http-nio-8080"]
02-Aug-2018 09:38:52.981 資訊 [main] org.apache.coyote.AbstractProtocol.pause Pausing ProtocolHandler ["ajp-nio-8009"]
02-Aug-2018 09:38:52.981 資訊 [main] org.apache.catalina.core.StandardService.stopInternal Stopping service Catalina
02-Aug-2018 09:38:53.082 資訊 [localhost-startStop-1] org.springframework.context.support.AbstractApplicationContext.doClose Closing WebApplicationContext for namespace 'dispatcher-servlet': startup date [Thu Aug 02 09:38:51 CST 2018]; root of context hierarchy
02-Aug-2018 09:38:53.105 資訊 [main] org.apache.coyote.AbstractProtocol.stop Stopping ProtocolHandler ["http-nio-8080"]
02-Aug-2018 09:38:53.105 資訊 [main] org.apache.coyote.AbstractProtocol.destroy Destroying ProtocolHandler ["http-nio-8080"]
02-Aug-2018 09:38:53.105 資訊 [main] org.apache.coyote.AbstractProtocol.stop Stopping ProtocolHandler ["ajp-nio-8009"]
02-Aug-2018 09:38:53.105 資訊 [main] org.apache.coyote.AbstractProtocol.destroy Destroying ProtocolHandler ["ajp-nio-8009"]
02-Aug-2018 09:40:58.171 資訊 [main] org.apache.catalina.startup.VersionLoggerListener.log Server version:        Apache Tomcat/8.0.53
02-Aug-2018 09:40:58.181 資訊 [main] org.apache.catalina.startup.VersionLoggerListener.log Server built:          Jun 29 2018 14:42:45 UTC
02-Aug-2018 09:40:58.182 資訊 [main] org.apache.catalina.startup.VersionLoggerListener.log Server number:         8.0.53.0
02-Aug-2018 09:40:58.182 資訊 [main] org.apache.catalina.startup.VersionLoggerListener.log OS Name:               Mac OS X
02-Aug-2018 09:40:58.183 資訊 [main] org.apache.catalina.startup.VersionLoggerListener.log OS Version:            10.13.4
02-Aug-2018 09:40:58.183 資訊 [main] org.apache.catalina.startup.VersionLoggerListener.log Architecture:          x86_64
02-Aug-2018 09:40:58.184 資訊 [main] org.apache.catalina.startup.VersionLoggerListener.log Java Home:             /Library/Java/JavaVirtualMachines/jdk-9.jdk/Contents/Home
02-Aug-2018 09:40:58.184 資訊 [main] org.apache.catalina.startup.VersionLoggerListener.log JVM Version:           9+181
02-Aug-2018 09:40:58.185 資訊 [main] org.apache.catalina.startup.VersionLoggerListener.log JVM Vendor:            Oracle Corporation
02-Aug-2018 09:40:58.185 資訊 [main] org.apache.catalina.startup.VersionLoggerListener.log CATALINA_BASE:         /Users/kai/Desktop/code-practice/apache-tomcat-8.0.53
02-Aug-2018 09:40:58.186 資訊 [main] org.apache.catalina.startup.VersionLoggerListener.log CATALINA_HOME:         /Users/kai/Desktop/code-practice/apache-tomcat-8.0.53
02-Aug-2018 09:40:58.188 資訊 [main] org.apache.catalina.startup.VersionLoggerListener.log Command line argument: --add-opens=java.base/java.lang=ALL-UNNAMED
02-Aug-2018 09:40:58.188 資訊 [main] org.apache.catalina.startup.VersionLoggerListener.log Command line argument: --add-opens=java.base/java.io=ALL-UNNAMED
02-Aug-2018 09:40:58.189 資訊 [main] org.apache.catalina.startup.VersionLoggerListener.log Command line argument: --add-opens=java.rmi/sun.rmi.transport=ALL-UNNAMED
02-Aug-2018 09:40:58.190 資訊 [main] org.apache.catalina.startup.VersionLoggerListener.log Command line argument: -Djava.util.logging.config.file=/Users/kai/Desktop/code-practice/apache-tomcat-8.0.53/conf/logging.properties
02-Aug-2018 09:40:58.191 資訊 [main] org.apache.catalina.startup.VersionLoggerListener.log Command line argument: -Djava.util.logging.manager=org.apache.juli.ClassLoaderLogManager
02-Aug-2018 09:40:58.192 資訊 [main] org.apache.catalina.startup.VersionLoggerListener.log Command line argument: -Djdk.tls.ephemeralDHKeySize=2048
02-Aug-2018 09:40:58.193 資訊 [main] org.apache.catalina.startup.VersionLoggerListener.log Command line argument: -Djava.protocol.handler.pkgs=org.apache.catalina.webresources
02-Aug-2018 09:40:58.194 資訊 [main] org.apache.catalina.startup.VersionLoggerListener.log Command line argument: -Dignore.endorsed.dirs=
02-Aug-2018 09:40:58.194 資訊 [main] org.apache.catalina.startup.VersionLoggerListener.log Command line argument: -Dcatalina.base=/Users/kai/Desktop/code-practice/apache-tomcat-8.0.53
02-Aug-2018 09:40:58.194 資訊 [main] org.apache.catalina.startup.VersionLoggerListener.log Command line argument: -Dcatalina.home=/Users/kai/Desktop/code-practice/apache-tomcat-8.0.53
02-Aug-2018 09:40:58.195 資訊 [main] org.apache.catalina.startup.VersionLoggerListener.log Command line argument: -Djava.io.tmpdir=/Users/kai/Desktop/code-practice/apache-tomcat-8.0.53/temp
02-Aug-2018 09:40:58.195 資訊 [main] org.apache.catalina.core.AprLifecycleListener.lifecycleEvent The APR based Apache Tomcat Native library which allows optimal performance in production environments was not found on the java.library.path: /Users/kai/Library/Java/Extensions:/Library/Java/Extensions:/Network/Library/Java/Extensions:/System/Library/Java/Extensions:/usr/lib/java:.
02-Aug-2018 09:40:58.289 資訊 [main] org.apache.coyote.AbstractProtocol.init Initializing ProtocolHandler ["http-nio-8080"]
02-Aug-2018 09:40:58.329 嚴重 [main] org.apache.coyote.AbstractProtocol.init Failed to initialize end point associated with ProtocolHandler ["http-nio-8080"]
 java.net.BindException: Address already in use
	at java.base/sun.nio.ch.Net.bind0(Native Method)
	at java.base/sun.nio.ch.Net.bind(Net.java:433)
	at java.base/sun.nio.ch.Net.bind(Net.java:425)
	at java.base/sun.nio.ch.ServerSocketChannelImpl.bind(ServerSocketChannelImpl.java:225)
	at java.base/sun.nio.ch.ServerSocketAdaptor.bind(ServerSocketAdaptor.java:74)
	at org.apache.tomcat.util.net.NioEndpoint.bind(NioEndpoint.java:350)
	at org.apache.tomcat.util.net.AbstractEndpoint.init(AbstractEndpoint.java:823)
	at org.apache.coyote.AbstractProtocol.init(AbstractProtocol.java:476)
	at org.apache.coyote.http11.AbstractHttp11JsseProtocol.init(AbstractHttp11JsseProtocol.java:120)
	at org.apache.catalina.connector.Connector.initInternal(Connector.java:960)
	at org.apache.catalina.util.LifecycleBase.init(LifecycleBase.java:102)
	at org.apache.catalina.core.StandardService.initInternal(StandardService.java:568)
	at org.apache.catalina.util.LifecycleBase.init(LifecycleBase.java:102)
	at org.apache.catalina.core.StandardServer.initInternal(StandardServer.java:871)
	at org.apache.catalina.util.LifecycleBase.init(LifecycleBase.java:102)
	at org.apache.catalina.startup.Catalina.load(Catalina.java:592)
	at org.apache.catalina.startup.Catalina.load(Catalina.java:615)
	at java.base/jdk.internal.reflect.NativeMethodAccessorImpl.invoke0(Native Method)
	at java.base/jdk.internal.reflect.NativeMethodAccessorImpl.invoke(NativeMethodAccessorImpl.java:62)
	at java.base/jdk.internal.reflect.DelegatingMethodAccessorImpl.invoke(DelegatingMethodAccessorImpl.java:43)
	at java.base/java.lang.reflect.Method.invoke(Method.java:564)
	at org.apache.catalina.startup.Bootstrap.load(Bootstrap.java:308)
	at org.apache.catalina.startup.Bootstrap.main(Bootstrap.java:482)

02-Aug-2018 09:40:58.331 嚴重 [main] org.apache.catalina.core.StandardService.initInternal Failed to initialize connector [Connector[HTTP/1.1-8080]]
 org.apache.catalina.LifecycleException: Failed to initialize component [Connector[HTTP/1.1-8080]]
	at org.apache.catalina.util.LifecycleBase.init(LifecycleBase.java:107)
	at org.apache.catalina.core.StandardService.initInternal(StandardService.java:568)
	at org.apache.catalina.util.LifecycleBase.init(LifecycleBase.java:102)
	at org.apache.catalina.core.StandardServer.initInternal(StandardServer.java:871)
	at org.apache.catalina.util.LifecycleBase.init(LifecycleBase.java:102)
	at org.apache.catalina.startup.Catalina.load(Catalina.java:592)
	at org.apache.catalina.startup.Catalina.load(Catalina.java:615)
	at java.base/jdk.internal.reflect.NativeMethodAccessorImpl.invoke0(Native Method)
	at java.base/jdk.internal.reflect.NativeMethodAccessorImpl.invoke(NativeMethodAccessorImpl.java:62)
	at java.base/jdk.internal.reflect.DelegatingMethodAccessorImpl.invoke(DelegatingMethodAccessorImpl.java:43)
	at java.base/java.lang.reflect.Method.invoke(Method.java:564)
	at org.apache.catalina.startup.Bootstrap.load(Bootstrap.java:308)
	at org.apache.catalina.startup.Bootstrap.main(Bootstrap.java:482)
Caused by: org.apache.catalina.LifecycleException: Protocol handler initialization failed
	at org.apache.catalina.connector.Connector.initInternal(Connector.java:962)
	at org.apache.catalina.util.LifecycleBase.init(LifecycleBase.java:102)
	... 12 more
Caused by: java.net.BindException: Address already in use
	at java.base/sun.nio.ch.Net.bind0(Native Method)
	at java.base/sun.nio.ch.Net.bind(Net.java:433)
	at java.base/sun.nio.ch.Net.bind(Net.java:425)
	at java.base/sun.nio.ch.ServerSocketChannelImpl.bind(ServerSocketChannelImpl.java:225)
	at java.base/sun.nio.ch.ServerSocketAdaptor.bind(ServerSocketAdaptor.java:74)
	at org.apache.tomcat.util.net.NioEndpoint.bind(NioEndpoint.java:350)
	at org.apache.tomcat.util.net.AbstractEndpoint.init(AbstractEndpoint.java:823)
	at org.apache.coyote.AbstractProtocol.init(AbstractProtocol.java:476)
	at org.apache.coyote.http11.AbstractHttp11JsseProtocol.init(AbstractHttp11JsseProtocol.java:120)
	at org.apache.catalina.connector.Connector.initInternal(Connector.java:960)
	... 13 more

02-Aug-2018 09:40:58.332 資訊 [main] org.apache.coyote.AbstractProtocol.init Initializing ProtocolHandler ["ajp-nio-8009"]
02-Aug-2018 09:40:58.334 嚴重 [main] org.apache.coyote.AbstractProtocol.init Failed to initialize end point associated with ProtocolHandler ["ajp-nio-8009"]
 java.net.BindException: Address already in use
	at java.base/sun.nio.ch.Net.bind0(Native Method)
	at java.base/sun.nio.ch.Net.bind(Net.java:433)
	at java.base/sun.nio.ch.Net.bind(Net.java:425)
	at java.base/sun.nio.ch.ServerSocketChannelImpl.bind(ServerSocketChannelImpl.java:225)
	at java.base/sun.nio.ch.ServerSocketAdaptor.bind(ServerSocketAdaptor.java:74)
	at org.apache.tomcat.util.net.NioEndpoint.bind(NioEndpoint.java:350)
	at org.apache.tomcat.util.net.AbstractEndpoint.init(AbstractEndpoint.java:823)
	at org.apache.coyote.AbstractProtocol.init(AbstractProtocol.java:476)
	at org.apache.catalina.connector.Connector.initInternal(Connector.java:960)
	at org.apache.catalina.util.LifecycleBase.init(LifecycleBase.java:102)
	at org.apache.catalina.core.StandardService.initInternal(StandardService.java:568)
	at org.apache.catalina.util.LifecycleBase.init(LifecycleBase.java:102)
	at org.apache.catalina.core.StandardServer.initInternal(StandardServer.java:871)
	at org.apache.catalina.util.LifecycleBase.init(LifecycleBase.java:102)
	at org.apache.catalina.startup.Catalina.load(Catalina.java:592)
	at org.apache.catalina.startup.Catalina.load(Catalina.java:615)
	at java.base/jdk.internal.reflect.NativeMethodAccessorImpl.invoke0(Native Method)
	at java.base/jdk.internal.reflect.NativeMethodAccessorImpl.invoke(NativeMethodAccessorImpl.java:62)
	at java.base/jdk.internal.reflect.DelegatingMethodAccessorImpl.invoke(DelegatingMethodAccessorImpl.java:43)
	at java.base/java.lang.reflect.Method.invoke(Method.java:564)
	at org.apache.catalina.startup.Bootstrap.load(Bootstrap.java:308)
	at org.apache.catalina.startup.Bootstrap.main(Bootstrap.java:482)

02-Aug-2018 09:40:58.335 嚴重 [main] org.apache.catalina.core.StandardService.initInternal Failed to initialize connector [Connector[AJP/1.3-8009]]
 org.apache.catalina.LifecycleException: Failed to initialize component [Connector[AJP/1.3-8009]]
	at org.apache.catalina.util.LifecycleBase.init(LifecycleBase.java:107)
	at org.apache.catalina.core.StandardService.initInternal(StandardService.java:568)
	at org.apache.catalina.util.LifecycleBase.init(LifecycleBase.java:102)
	at org.apache.catalina.core.StandardServer.initInternal(StandardServer.java:871)
	at org.apache.catalina.util.LifecycleBase.init(LifecycleBase.java:102)
	at org.apache.catalina.startup.Catalina.load(Catalina.java:592)
	at org.apache.catalina.startup.Catalina.load(Catalina.java:615)
	at java.base/jdk.internal.reflect.NativeMethodAccessorImpl.invoke0(Native Method)
	at java.base/jdk.internal.reflect.NativeMethodAccessorImpl.invoke(NativeMethodAccessorImpl.java:62)
	at java.base/jdk.internal.reflect.DelegatingMethodAccessorImpl.invoke(DelegatingMethodAccessorImpl.java:43)
	at java.base/java.lang.reflect.Method.invoke(Method.java:564)
	at org.apache.catalina.startup.Bootstrap.load(Bootstrap.java:308)
	at org.apache.catalina.startup.Bootstrap.main(Bootstrap.java:482)
Caused by: org.apache.catalina.LifecycleException: Protocol handler initialization failed
	at org.apache.catalina.connector.Connector.initInternal(Connector.java:962)
	at org.apache.catalina.util.LifecycleBase.init(LifecycleBase.java:102)
	... 12 more
Caused by: java.net.BindException: Address already in use
	at java.base/sun.nio.ch.Net.bind0(Native Method)
	at java.base/sun.nio.ch.Net.bind(Net.java:433)
	at java.base/sun.nio.ch.Net.bind(Net.java:425)
	at java.base/sun.nio.ch.ServerSocketChannelImpl.bind(ServerSocketChannelImpl.java:225)
	at java.base/sun.nio.ch.ServerSocketAdaptor.bind(ServerSocketAdaptor.java:74)
	at org.apache.tomcat.util.net.NioEndpoint.bind(NioEndpoint.java:350)
	at org.apache.tomcat.util.net.AbstractEndpoint.init(AbstractEndpoint.java:823)
	at org.apache.coyote.AbstractProtocol.init(AbstractProtocol.java:476)
	at org.apache.catalina.connector.Connector.initInternal(Connector.java:960)
	... 13 more

02-Aug-2018 09:40:58.336 資訊 [main] org.apache.catalina.startup.Catalina.load Initialization processed in 900 ms
02-Aug-2018 09:40:58.472 資訊 [main] org.apache.catalina.core.StandardService.startInternal Starting service Catalina
02-Aug-2018 09:40:58.473 資訊 [main] org.apache.catalina.core.StandardEngine.startInternal Starting Servlet Engine: Apache Tomcat/8.0.53
02-Aug-2018 09:40:58.504 資訊 [localhost-startStop-1] org.apache.catalina.startup.HostConfig.deployWAR Deploying web application archive /Users/kai/Desktop/code-practice/apache-tomcat-8.0.53/webapps/spring4mvc-helloworld.war
02-Aug-2018 09:41:00.191 資訊 [localhost-startStop-1] org.apache.jasper.servlet.TldScanner.scanJars At least one JAR was scanned for TLDs yet contained no TLDs. Enable debug logging for this logger for a complete list of JARs that were scanned but no TLDs were found in them. Skipping unneeded JARs during scanning can improve startup time and JSP compilation time.
02-Aug-2018 09:41:00.470 資訊 [localhost-startStop-1] org.springframework.web.servlet.FrameworkServlet.initServletBean FrameworkServlet 'dispatcher': initialization started
02-Aug-2018 09:41:00.536 資訊 [localhost-startStop-1] org.springframework.context.support.AbstractApplicationContext.prepareRefresh Refreshing WebApplicationContext for namespace 'dispatcher-servlet': startup date [Thu Aug 02 09:41:00 CST 2018]; root of context hierarchy
02-Aug-2018 09:41:00.662 資訊 [localhost-startStop-1] org.springframework.beans.factory.xml.XmlBeanDefinitionReader.loadBeanDefinitions Loading XML bean definitions from ServletContext resource [/WEB-INF/spring-servlet.xml]
02-Aug-2018 09:41:01.374 資訊 [localhost-startStop-1] org.springframework.web.servlet.handler.AbstractHandlerMethodMapping.registerHandlerMethod Mapped "{[/ || /index],methods=[GET],params=[],headers=[],consumes=[],produces=[],custom=[]}" onto public org.springframework.web.servlet.ModelAndView com.lucasko.controller.APIsController.index()
02-Aug-2018 09:41:01.375 資訊 [localhost-startStop-1] org.springframework.web.servlet.handler.AbstractHandlerMethodMapping.registerHandlerMethod Mapped "{[/ntust/profile],methods=[POST],params=[],headers=[],consumes=[],produces=[],custom=[]}" onto public java.lang.String com.lucasko.controller.APIsController.profile(java.lang.String) throws org.json.JSONException
02-Aug-2018 09:41:01.375 資訊 [localhost-startStop-1] org.springframework.web.servlet.handler.AbstractHandlerMethodMapping.registerHandlerMethod Mapped "{[/ntust/update/name],methods=[POST],params=[],headers=[],consumes=[],produces=[],custom=[]}" onto public java.lang.String com.lucasko.controller.APIsController.update(java.lang.String) throws org.json.JSONException
02-Aug-2018 09:41:01.376 資訊 [localhost-startStop-1] org.springframework.web.servlet.handler.AbstractHandlerMethodMapping.registerHandlerMethod Mapped "{[/index2],methods=[POST],params=[],headers=[],consumes=[],produces=[],custom=[]}" onto public org.springframework.web.servlet.ModelAndView com.lucasko.controller.APIsController.login(java.lang.String) throws org.json.JSONException
02-Aug-2018 09:41:01.376 資訊 [localhost-startStop-1] org.springframework.web.servlet.handler.AbstractHandlerMethodMapping.registerHandlerMethod Mapped "{[/ntust/user],methods=[POST],params=[],headers=[],consumes=[],produces=[application/json;charset=utf-8],custom=[]}" onto public java.lang.String com.lucasko.controller.APIsController.user(com.lucasko.controller.User) throws org.json.JSONException
02-Aug-2018 09:41:01.377 資訊 [localhost-startStop-1] org.springframework.web.servlet.handler.AbstractHandlerMethodMapping.registerHandlerMethod Mapped "{[/ntust/student/{id}],methods=[GET],params=[],headers=[],consumes=[],produces=[],custom=[]}" onto public java.lang.String com.lucasko.controller.APIsController.hello1(java.lang.String) throws org.json.JSONException
02-Aug-2018 09:41:01.377 資訊 [localhost-startStop-1] org.springframework.web.servlet.handler.AbstractHandlerMethodMapping.registerHandlerMethod Mapped "{[/ntust/student],methods=[GET],params=[],headers=[],consumes=[],produces=[],custom=[]}" onto public java.lang.String com.lucasko.controller.APIsController.hello(java.lang.String) throws org.json.JSONException
02-Aug-2018 09:41:01.870 資訊 [localhost-startStop-1] org.springframework.web.servlet.handler.AbstractUrlHandlerMapping.registerHandler Mapped URL path [/**] onto handler 'org.springframework.web.servlet.resource.DefaultServletHttpRequestHandler#0'
02-Aug-2018 09:41:01.963 資訊 [localhost-startStop-1] org.springframework.web.servlet.FrameworkServlet.initServletBean FrameworkServlet 'dispatcher': initialization completed in 1493 ms
02-Aug-2018 09:41:01.976 資訊 [localhost-startStop-1] org.apache.catalina.startup.HostConfig.deployWAR Deployment of web application archive /Users/kai/Desktop/code-practice/apache-tomcat-8.0.53/webapps/spring4mvc-helloworld.war has finished in 3,471 ms
02-Aug-2018 09:41:01.977 資訊 [localhost-startStop-1] org.apache.catalina.startup.HostConfig.deployDirectory Deploying web application directory /Users/kai/Desktop/code-practice/apache-tomcat-8.0.53/webapps/docs
02-Aug-2018 09:41:02.019 資訊 [localhost-startStop-1] org.apache.catalina.startup.HostConfig.deployDirectory Deployment of web application directory /Users/kai/Desktop/code-practice/apache-tomcat-8.0.53/webapps/docs has finished in 41 ms
02-Aug-2018 09:41:02.019 資訊 [localhost-startStop-1] org.apache.catalina.startup.HostConfig.deployDirectory Deploying web application directory /Users/kai/Desktop/code-practice/apache-tomcat-8.0.53/webapps/manager
02-Aug-2018 09:41:02.141 資訊 [localhost-startStop-1] org.apache.catalina.startup.HostConfig.deployDirectory Deployment of web application directory /Users/kai/Desktop/code-practice/apache-tomcat-8.0.53/webapps/manager has finished in 122 ms
02-Aug-2018 09:41:02.142 資訊 [localhost-startStop-1] org.apache.catalina.startup.HostConfig.deployDirectory Deploying web application directory /Users/kai/Desktop/code-practice/apache-tomcat-8.0.53/webapps/examples
02-Aug-2018 09:41:02.439 資訊 [localhost-startStop-1] org.apache.catalina.startup.HostConfig.deployDirectory Deployment of web application directory /Users/kai/Desktop/code-practice/apache-tomcat-8.0.53/webapps/examples has finished in 297 ms
02-Aug-2018 09:41:02.440 資訊 [localhost-startStop-1] org.apache.catalina.startup.HostConfig.deployDirectory Deploying web application directory /Users/kai/Desktop/code-practice/apache-tomcat-8.0.53/webapps/ROOT
02-Aug-2018 09:41:02.459 資訊 [localhost-startStop-1] org.apache.catalina.startup.HostConfig.deployDirectory Deployment of web application directory /Users/kai/Desktop/code-practice/apache-tomcat-8.0.53/webapps/ROOT has finished in 20 ms
02-Aug-2018 09:41:02.459 資訊 [localhost-startStop-1] org.apache.catalina.startup.HostConfig.deployDirectory Deploying web application directory /Users/kai/Desktop/code-practice/apache-tomcat-8.0.53/webapps/host-manager
02-Aug-2018 09:41:02.487 資訊 [localhost-startStop-1] org.apache.catalina.startup.HostConfig.deployDirectory Deployment of web application directory /Users/kai/Desktop/code-practice/apache-tomcat-8.0.53/webapps/host-manager has finished in 28 ms
02-Aug-2018 09:41:02.498 資訊 [main] org.apache.catalina.startup.Catalina.start Server startup in 4161 ms
02-Aug-2018 09:41:02.506 嚴重 [main] org.apache.catalina.core.StandardServer.await StandardServer.await: create[localhost:8005]: 
 java.net.BindException: Address already in use (Bind failed)
	at java.base/java.net.PlainSocketImpl.socketBind(Native Method)
	at java.base/java.net.AbstractPlainSocketImpl.bind(AbstractPlainSocketImpl.java:437)
	at java.base/java.net.ServerSocket.bind(ServerSocket.java:381)
	at java.base/java.net.ServerSocket.<init>(ServerSocket.java:243)
	at org.apache.catalina.core.StandardServer.await(StandardServer.java:438)
	at org.apache.catalina.startup.Catalina.await(Catalina.java:729)
	at org.apache.catalina.startup.Catalina.start(Catalina.java:675)
	at java.base/jdk.internal.reflect.NativeMethodAccessorImpl.invoke0(Native Method)
	at java.base/jdk.internal.reflect.NativeMethodAccessorImpl.invoke(NativeMethodAccessorImpl.java:62)
	at java.base/jdk.internal.reflect.DelegatingMethodAccessorImpl.invoke(DelegatingMethodAccessorImpl.java:43)
	at java.base/java.lang.reflect.Method.invoke(Method.java:564)
	at org.apache.catalina.startup.Bootstrap.start(Bootstrap.java:349)
	at org.apache.catalina.startup.Bootstrap.main(Bootstrap.java:483)

02-Aug-2018 09:41:02.507 資訊 [main] org.apache.coyote.AbstractProtocol.pause Pausing ProtocolHandler ["http-nio-8080"]
02-Aug-2018 09:41:02.507 資訊 [main] org.apache.coyote.AbstractProtocol.pause Pausing ProtocolHandler ["ajp-nio-8009"]
02-Aug-2018 09:41:02.507 資訊 [main] org.apache.catalina.core.StandardService.stopInternal Stopping service Catalina
02-Aug-2018 09:41:02.550 資訊 [localhost-startStop-1] org.springframework.context.support.AbstractApplicationContext.doClose Closing WebApplicationContext for namespace 'dispatcher-servlet': startup date [Thu Aug 02 09:41:00 CST 2018]; root of context hierarchy
02-Aug-2018 09:41:02.566 資訊 [main] org.apache.coyote.AbstractProtocol.stop Stopping ProtocolHandler ["http-nio-8080"]
02-Aug-2018 09:41:02.566 資訊 [main] org.apache.coyote.AbstractProtocol.destroy Destroying ProtocolHandler ["http-nio-8080"]
02-Aug-2018 09:41:02.567 資訊 [main] org.apache.coyote.AbstractProtocol.stop Stopping ProtocolHandler ["ajp-nio-8009"]
02-Aug-2018 09:41:02.567 資訊 [main] org.apache.coyote.AbstractProtocol.destroy Destroying ProtocolHandler ["ajp-nio-8009"]
02-Aug-2018 09:44:37.506 資訊 [1] org.apache.catalina.core.StandardServer.await A valid shutdown command was received via the shutdown port. Stopping the Server instance.
02-Aug-2018 09:44:37.516 資訊 [Thread-4] org.apache.coyote.AbstractProtocol.pause Pausing ProtocolHandler ["http-nio-8080"]
02-Aug-2018 09:44:37.598 資訊 [Thread-4] org.apache.coyote.AbstractProtocol.pause Pausing ProtocolHandler ["ajp-nio-8009"]
02-Aug-2018 09:44:37.666 資訊 [Thread-4] org.apache.catalina.core.StandardService.stopInternal Stopping service Catalina
02-Aug-2018 09:44:37.802 資訊 [localhost-startStop-2] org.springframework.context.support.AbstractApplicationContext.doClose Closing WebApplicationContext for namespace 'dispatcher-servlet': startup date [Thu Aug 02 09:29:32 CST 2018]; root of context hierarchy
02-Aug-2018 09:44:37.978 資訊 [Thread-4] org.apache.coyote.AbstractProtocol.stop Stopping ProtocolHandler ["http-nio-8080"]
02-Aug-2018 09:44:38.063 資訊 [Thread-4] org.apache.coyote.AbstractProtocol.stop Stopping ProtocolHandler ["ajp-nio-8009"]
02-Aug-2018 09:44:38.104 資訊 [Thread-4] org.apache.coyote.AbstractProtocol.destroy Destroying ProtocolHandler ["http-nio-8080"]
02-Aug-2018 09:44:38.120 資訊 [Thread-4] org.apache.coyote.AbstractProtocol.destroy Destroying ProtocolHandler ["ajp-nio-8009"]
02-Aug-2018 09:45:30.740 資訊 [main] org.apache.catalina.startup.VersionLoggerListener.log Server version:        Apache Tomcat/8.0.53
02-Aug-2018 09:45:30.749 資訊 [main] org.apache.catalina.startup.VersionLoggerListener.log Server built:          Jun 29 2018 14:42:45 UTC
02-Aug-2018 09:45:30.751 資訊 [main] org.apache.catalina.startup.VersionLoggerListener.log Server number:         8.0.53.0
02-Aug-2018 09:45:30.752 資訊 [main] org.apache.catalina.startup.VersionLoggerListener.log OS Name:               Mac OS X
02-Aug-2018 09:45:30.752 資訊 [main] org.apache.catalina.startup.VersionLoggerListener.log OS Version:            10.13.4
02-Aug-2018 09:45:30.753 資訊 [main] org.apache.catalina.startup.VersionLoggerListener.log Architecture:          x86_64
02-Aug-2018 09:45:30.753 資訊 [main] org.apache.catalina.startup.VersionLoggerListener.log Java Home:             /Library/Java/JavaVirtualMachines/jdk-9.jdk/Contents/Home
02-Aug-2018 09:45:30.753 資訊 [main] org.apache.catalina.startup.VersionLoggerListener.log JVM Version:           9+181
02-Aug-2018 09:45:30.753 資訊 [main] org.apache.catalina.startup.VersionLoggerListener.log JVM Vendor:            Oracle Corporation
02-Aug-2018 09:45:30.753 資訊 [main] org.apache.catalina.startup.VersionLoggerListener.log CATALINA_BASE:         /Users/kai/Desktop/code-practice/apache-tomcat-8.0.53
02-Aug-2018 09:45:30.754 資訊 [main] org.apache.catalina.startup.VersionLoggerListener.log CATALINA_HOME:         /Users/kai/Desktop/code-practice/apache-tomcat-8.0.53
02-Aug-2018 09:45:30.755 資訊 [main] org.apache.catalina.startup.VersionLoggerListener.log Command line argument: --add-opens=java.base/java.lang=ALL-UNNAMED
02-Aug-2018 09:45:30.755 資訊 [main] org.apache.catalina.startup.VersionLoggerListener.log Command line argument: --add-opens=java.base/java.io=ALL-UNNAMED
02-Aug-2018 09:45:30.756 資訊 [main] org.apache.catalina.startup.VersionLoggerListener.log Command line argument: --add-opens=java.rmi/sun.rmi.transport=ALL-UNNAMED
02-Aug-2018 09:45:30.756 資訊 [main] org.apache.catalina.startup.VersionLoggerListener.log Command line argument: -Djava.util.logging.config.file=/Users/kai/Desktop/code-practice/apache-tomcat-8.0.53/conf/logging.properties
02-Aug-2018 09:45:30.757 資訊 [main] org.apache.catalina.startup.VersionLoggerListener.log Command line argument: -Djava.util.logging.manager=org.apache.juli.ClassLoaderLogManager
02-Aug-2018 09:45:30.757 資訊 [main] org.apache.catalina.startup.VersionLoggerListener.log Command line argument: -Djdk.tls.ephemeralDHKeySize=2048
02-Aug-2018 09:45:30.758 資訊 [main] org.apache.catalina.startup.VersionLoggerListener.log Command line argument: -Djava.protocol.handler.pkgs=org.apache.catalina.webresources
02-Aug-2018 09:45:30.758 資訊 [main] org.apache.catalina.startup.VersionLoggerListener.log Command line argument: -Dignore.endorsed.dirs=
02-Aug-2018 09:45:30.759 資訊 [main] org.apache.catalina.startup.VersionLoggerListener.log Command line argument: -Dcatalina.base=/Users/kai/Desktop/code-practice/apache-tomcat-8.0.53
02-Aug-2018 09:45:30.759 資訊 [main] org.apache.catalina.startup.VersionLoggerListener.log Command line argument: -Dcatalina.home=/Users/kai/Desktop/code-practice/apache-tomcat-8.0.53
02-Aug-2018 09:45:30.760 資訊 [main] org.apache.catalina.startup.VersionLoggerListener.log Command line argument: -Djava.io.tmpdir=/Users/kai/Desktop/code-practice/apache-tomcat-8.0.53/temp
02-Aug-2018 09:45:30.760 資訊 [main] org.apache.catalina.core.AprLifecycleListener.lifecycleEvent The APR based Apache Tomcat Native library which allows optimal performance in production environments was not found on the java.library.path: /Users/kai/Library/Java/Extensions:/Library/Java/Extensions:/Network/Library/Java/Extensions:/System/Library/Java/Extensions:/usr/lib/java:.
02-Aug-2018 09:45:30.843 資訊 [main] org.apache.coyote.AbstractProtocol.init Initializing ProtocolHandler ["http-nio-8080"]
02-Aug-2018 09:45:30.887 資訊 [main] org.apache.tomcat.util.net.NioSelectorPool.getSharedSelector Using a shared selector for servlet write/read
02-Aug-2018 09:45:30.891 資訊 [main] org.apache.coyote.AbstractProtocol.init Initializing ProtocolHandler ["ajp-nio-8009"]
02-Aug-2018 09:45:30.894 資訊 [main] org.apache.tomcat.util.net.NioSelectorPool.getSharedSelector Using a shared selector for servlet write/read
02-Aug-2018 09:45:30.895 資訊 [main] org.apache.catalina.startup.Catalina.load Initialization processed in 922 ms
02-Aug-2018 09:45:30.996 資訊 [main] org.apache.catalina.core.StandardService.startInternal Starting service Catalina
02-Aug-2018 09:45:30.997 資訊 [main] org.apache.catalina.core.StandardEngine.startInternal Starting Servlet Engine: Apache Tomcat/8.0.53
02-Aug-2018 09:45:31.031 資訊 [localhost-startStop-1] org.apache.catalina.startup.HostConfig.deployWAR Deploying web application archive /Users/kai/Desktop/code-practice/apache-tomcat-8.0.53/webapps/spring4mvc-helloworld.war
02-Aug-2018 09:45:33.072 資訊 [localhost-startStop-1] org.apache.jasper.servlet.TldScanner.scanJars At least one JAR was scanned for TLDs yet contained no TLDs. Enable debug logging for this logger for a complete list of JARs that were scanned but no TLDs were found in them. Skipping unneeded JARs during scanning can improve startup time and JSP compilation time.
02-Aug-2018 09:45:33.365 資訊 [localhost-startStop-1] org.springframework.web.servlet.FrameworkServlet.initServletBean FrameworkServlet 'dispatcher': initialization started
02-Aug-2018 09:45:33.406 資訊 [localhost-startStop-1] org.springframework.context.support.AbstractApplicationContext.prepareRefresh Refreshing WebApplicationContext for namespace 'dispatcher-servlet': startup date [Thu Aug 02 09:45:33 CST 2018]; root of context hierarchy
02-Aug-2018 09:45:33.468 資訊 [localhost-startStop-1] org.springframework.beans.factory.xml.XmlBeanDefinitionReader.loadBeanDefinitions Loading XML bean definitions from ServletContext resource [/WEB-INF/spring-servlet.xml]
02-Aug-2018 09:45:34.112 資訊 [localhost-startStop-1] org.springframework.web.servlet.handler.AbstractHandlerMethodMapping.registerHandlerMethod Mapped "{[/ || /index],methods=[GET],params=[],headers=[],consumes=[],produces=[],custom=[]}" onto public org.springframework.web.servlet.ModelAndView com.lucasko.controller.APIsController.index()
02-Aug-2018 09:45:34.113 資訊 [localhost-startStop-1] org.springframework.web.servlet.handler.AbstractHandlerMethodMapping.registerHandlerMethod Mapped "{[/ntust/profile],methods=[POST],params=[],headers=[],consumes=[],produces=[],custom=[]}" onto public java.lang.String com.lucasko.controller.APIsController.profile(java.lang.String) throws org.json.JSONException
02-Aug-2018 09:45:34.114 資訊 [localhost-startStop-1] org.springframework.web.servlet.handler.AbstractHandlerMethodMapping.registerHandlerMethod Mapped "{[/ntust/update/name],methods=[POST],params=[],headers=[],consumes=[],produces=[],custom=[]}" onto public java.lang.String com.lucasko.controller.APIsController.update(java.lang.String) throws org.json.JSONException
02-Aug-2018 09:45:34.114 資訊 [localhost-startStop-1] org.springframework.web.servlet.handler.AbstractHandlerMethodMapping.registerHandlerMethod Mapped "{[/index2],methods=[POST],params=[],headers=[],consumes=[],produces=[],custom=[]}" onto public org.springframework.web.servlet.ModelAndView com.lucasko.controller.APIsController.login(java.lang.String) throws org.json.JSONException
02-Aug-2018 09:45:34.115 資訊 [localhost-startStop-1] org.springframework.web.servlet.handler.AbstractHandlerMethodMapping.registerHandlerMethod Mapped "{[/ntust/user],methods=[POST],params=[],headers=[],consumes=[],produces=[application/json;charset=utf-8],custom=[]}" onto public java.lang.String com.lucasko.controller.APIsController.user(com.lucasko.controller.User) throws org.json.JSONException
02-Aug-2018 09:45:34.115 資訊 [localhost-startStop-1] org.springframework.web.servlet.handler.AbstractHandlerMethodMapping.registerHandlerMethod Mapped "{[/ntust/student/{id}],methods=[GET],params=[],headers=[],consumes=[],produces=[],custom=[]}" onto public java.lang.String com.lucasko.controller.APIsController.hello1(java.lang.String) throws org.json.JSONException
02-Aug-2018 09:45:34.116 資訊 [localhost-startStop-1] org.springframework.web.servlet.handler.AbstractHandlerMethodMapping.registerHandlerMethod Mapped "{[/ntust/student],methods=[GET],params=[],headers=[],consumes=[],produces=[],custom=[]}" onto public java.lang.String com.lucasko.controller.APIsController.hello(java.lang.String) throws org.json.JSONException
02-Aug-2018 09:45:34.597 資訊 [localhost-startStop-1] org.springframework.web.servlet.handler.AbstractUrlHandlerMapping.registerHandler Mapped URL path [/**] onto handler 'org.springframework.web.servlet.resource.DefaultServletHttpRequestHandler#0'
02-Aug-2018 09:45:34.665 資訊 [localhost-startStop-1] org.springframework.web.servlet.FrameworkServlet.initServletBean FrameworkServlet 'dispatcher': initialization completed in 1300 ms
02-Aug-2018 09:45:34.681 資訊 [localhost-startStop-1] org.apache.catalina.startup.HostConfig.deployWAR Deployment of web application archive /Users/kai/Desktop/code-practice/apache-tomcat-8.0.53/webapps/spring4mvc-helloworld.war has finished in 3,650 ms
02-Aug-2018 09:45:34.683 資訊 [localhost-startStop-1] org.apache.catalina.startup.HostConfig.deployDirectory Deploying web application directory /Users/kai/Desktop/code-practice/apache-tomcat-8.0.53/webapps/docs
02-Aug-2018 09:45:34.715 資訊 [localhost-startStop-1] org.apache.catalina.startup.HostConfig.deployDirectory Deployment of web application directory /Users/kai/Desktop/code-practice/apache-tomcat-8.0.53/webapps/docs has finished in 32 ms
02-Aug-2018 09:45:34.716 資訊 [localhost-startStop-1] org.apache.catalina.startup.HostConfig.deployDirectory Deploying web application directory /Users/kai/Desktop/code-practice/apache-tomcat-8.0.53/webapps/manager
02-Aug-2018 09:45:34.792 資訊 [localhost-startStop-1] org.apache.catalina.startup.HostConfig.deployDirectory Deployment of web application directory /Users/kai/Desktop/code-practice/apache-tomcat-8.0.53/webapps/manager has finished in 76 ms
02-Aug-2018 09:45:34.793 資訊 [localhost-startStop-1] org.apache.catalina.startup.HostConfig.deployDirectory Deploying web application directory /Users/kai/Desktop/code-practice/apache-tomcat-8.0.53/webapps/examples
02-Aug-2018 09:45:35.166 資訊 [localhost-startStop-1] org.apache.catalina.startup.HostConfig.deployDirectory Deployment of web application directory /Users/kai/Desktop/code-practice/apache-tomcat-8.0.53/webapps/examples has finished in 373 ms
02-Aug-2018 09:45:35.167 資訊 [localhost-startStop-1] org.apache.catalina.startup.HostConfig.deployDirectory Deploying web application directory /Users/kai/Desktop/code-practice/apache-tomcat-8.0.53/webapps/ROOT
02-Aug-2018 09:45:35.189 資訊 [localhost-startStop-1] org.apache.catalina.startup.HostConfig.deployDirectory Deployment of web application directory /Users/kai/Desktop/code-practice/apache-tomcat-8.0.53/webapps/ROOT has finished in 21 ms
02-Aug-2018 09:45:35.189 資訊 [localhost-startStop-1] org.apache.catalina.startup.HostConfig.deployDirectory Deploying web application directory /Users/kai/Desktop/code-practice/apache-tomcat-8.0.53/webapps/host-manager
02-Aug-2018 09:45:35.221 資訊 [localhost-startStop-1] org.apache.catalina.startup.HostConfig.deployDirectory Deployment of web application directory /Users/kai/Desktop/code-practice/apache-tomcat-8.0.53/webapps/host-manager has finished in 32 ms
02-Aug-2018 09:45:35.230 資訊 [main] org.apache.coyote.AbstractProtocol.start Starting ProtocolHandler ["http-nio-8080"]
02-Aug-2018 09:45:35.240 資訊 [main] org.apache.coyote.AbstractProtocol.start Starting ProtocolHandler ["ajp-nio-8009"]
02-Aug-2018 09:45:35.243 資訊 [main] org.apache.catalina.startup.Catalina.start Server startup in 4347 ms
02-Aug-2018 10:01:57.638 資訊 [Thread-4] org.apache.coyote.AbstractProtocol.pause Pausing ProtocolHandler ["http-nio-8080"]
02-Aug-2018 10:01:57.707 資訊 [Thread-4] org.apache.coyote.AbstractProtocol.pause Pausing ProtocolHandler ["ajp-nio-8009"]
02-Aug-2018 10:01:57.762 資訊 [Thread-4] org.apache.catalina.core.StandardService.stopInternal Stopping service Catalina
02-Aug-2018 10:01:57.845 資訊 [localhost-startStop-2] org.springframework.context.support.AbstractApplicationContext.doClose Closing WebApplicationContext for namespace 'dispatcher-servlet': startup date [Thu Aug 02 09:45:33 CST 2018]; root of context hierarchy
02-Aug-2018 10:01:57.865 資訊 [Thread-4] org.apache.coyote.AbstractProtocol.stop Stopping ProtocolHandler ["http-nio-8080"]
02-Aug-2018 10:01:57.938 資訊 [Thread-4] org.apache.coyote.AbstractProtocol.stop Stopping ProtocolHandler ["ajp-nio-8009"]
02-Aug-2018 10:01:57.942 資訊 [Thread-4] org.apache.coyote.AbstractProtocol.destroy Destroying ProtocolHandler ["http-nio-8080"]
02-Aug-2018 10:01:57.943 資訊 [Thread-4] org.apache.coyote.AbstractProtocol.destroy Destroying ProtocolHandler ["ajp-nio-8009"]
02-Aug-2018 10:07:51.609 資訊 [main] org.apache.catalina.startup.VersionLoggerListener.log Server version:        Apache Tomcat/8.0.53
02-Aug-2018 10:07:51.617 資訊 [main] org.apache.catalina.startup.VersionLoggerListener.log Server built:          Jun 29 2018 14:42:45 UTC
02-Aug-2018 10:07:51.617 資訊 [main] org.apache.catalina.startup.VersionLoggerListener.log Server number:         8.0.53.0
02-Aug-2018 10:07:51.618 資訊 [main] org.apache.catalina.startup.VersionLoggerListener.log OS Name:               Mac OS X
02-Aug-2018 10:07:51.618 資訊 [main] org.apache.catalina.startup.VersionLoggerListener.log OS Version:            10.13.4
02-Aug-2018 10:07:51.618 資訊 [main] org.apache.catalina.startup.VersionLoggerListener.log Architecture:          x86_64
02-Aug-2018 10:07:51.618 資訊 [main] org.apache.catalina.startup.VersionLoggerListener.log Java Home:             /Library/Java/JavaVirtualMachines/jdk-9.jdk/Contents/Home
02-Aug-2018 10:07:51.619 資訊 [main] org.apache.catalina.startup.VersionLoggerListener.log JVM Version:           9+181
02-Aug-2018 10:07:51.620 資訊 [main] org.apache.catalina.startup.VersionLoggerListener.log JVM Vendor:            Oracle Corporation
02-Aug-2018 10:07:51.620 資訊 [main] org.apache.catalina.startup.VersionLoggerListener.log CATALINA_BASE:         /Users/kai/Desktop/code-practice/apache-tomcat-8.0.53
02-Aug-2018 10:07:51.620 資訊 [main] org.apache.catalina.startup.VersionLoggerListener.log CATALINA_HOME:         /Users/kai/Desktop/code-practice/apache-tomcat-8.0.53
02-Aug-2018 10:07:51.623 資訊 [main] org.apache.catalina.startup.VersionLoggerListener.log Command line argument: --add-opens=java.base/java.lang=ALL-UNNAMED
02-Aug-2018 10:07:51.623 資訊 [main] org.apache.catalina.startup.VersionLoggerListener.log Command line argument: --add-opens=java.base/java.io=ALL-UNNAMED
02-Aug-2018 10:07:51.623 資訊 [main] org.apache.catalina.startup.VersionLoggerListener.log Command line argument: --add-opens=java.rmi/sun.rmi.transport=ALL-UNNAMED
02-Aug-2018 10:07:51.624 資訊 [main] org.apache.catalina.startup.VersionLoggerListener.log Command line argument: -Djava.util.logging.config.file=/Users/kai/Desktop/code-practice/apache-tomcat-8.0.53/conf/logging.properties
02-Aug-2018 10:07:51.625 資訊 [main] org.apache.catalina.startup.VersionLoggerListener.log Command line argument: -Djava.util.logging.manager=org.apache.juli.ClassLoaderLogManager
02-Aug-2018 10:07:51.626 資訊 [main] org.apache.catalina.startup.VersionLoggerListener.log Command line argument: -Djdk.tls.ephemeralDHKeySize=2048
02-Aug-2018 10:07:51.627 資訊 [main] org.apache.catalina.startup.VersionLoggerListener.log Command line argument: -Djava.protocol.handler.pkgs=org.apache.catalina.webresources
02-Aug-2018 10:07:51.627 資訊 [main] org.apache.catalina.startup.VersionLoggerListener.log Command line argument: -Dignore.endorsed.dirs=
02-Aug-2018 10:07:51.628 資訊 [main] org.apache.catalina.startup.VersionLoggerListener.log Command line argument: -Dcatalina.base=/Users/kai/Desktop/code-practice/apache-tomcat-8.0.53
02-Aug-2018 10:07:51.628 資訊 [main] org.apache.catalina.startup.VersionLoggerListener.log Command line argument: -Dcatalina.home=/Users/kai/Desktop/code-practice/apache-tomcat-8.0.53
02-Aug-2018 10:07:51.629 資訊 [main] org.apache.catalina.startup.VersionLoggerListener.log Command line argument: -Djava.io.tmpdir=/Users/kai/Desktop/code-practice/apache-tomcat-8.0.53/temp
02-Aug-2018 10:07:51.629 資訊 [main] org.apache.catalina.core.AprLifecycleListener.lifecycleEvent The APR based Apache Tomcat Native library which allows optimal performance in production environments was not found on the java.library.path: /Users/kai/Library/Java/Extensions:/Library/Java/Extensions:/Network/Library/Java/Extensions:/System/Library/Java/Extensions:/usr/lib/java:.
02-Aug-2018 10:07:51.711 資訊 [main] org.apache.coyote.AbstractProtocol.init Initializing ProtocolHandler ["http-nio-8080"]
02-Aug-2018 10:07:51.746 資訊 [main] org.apache.tomcat.util.net.NioSelectorPool.getSharedSelector Using a shared selector for servlet write/read
02-Aug-2018 10:07:51.752 資訊 [main] org.apache.coyote.AbstractProtocol.init Initializing ProtocolHandler ["ajp-nio-8009"]
02-Aug-2018 10:07:51.755 資訊 [main] org.apache.tomcat.util.net.NioSelectorPool.getSharedSelector Using a shared selector for servlet write/read
02-Aug-2018 10:07:51.755 資訊 [main] org.apache.catalina.startup.Catalina.load Initialization processed in 850 ms
02-Aug-2018 10:07:51.856 資訊 [main] org.apache.catalina.core.StandardService.startInternal Starting service Catalina
02-Aug-2018 10:07:51.857 資訊 [main] org.apache.catalina.core.StandardEngine.startInternal Starting Servlet Engine: Apache Tomcat/8.0.53
02-Aug-2018 10:07:51.887 資訊 [localhost-startStop-1] org.apache.catalina.startup.HostConfig.deployWAR Deploying web application archive /Users/kai/Desktop/code-practice/apache-tomcat-8.0.53/webapps/spring4mvc-helloworld.war
02-Aug-2018 10:07:53.563 資訊 [localhost-startStop-1] org.apache.jasper.servlet.TldScanner.scanJars At least one JAR was scanned for TLDs yet contained no TLDs. Enable debug logging for this logger for a complete list of JARs that were scanned but no TLDs were found in them. Skipping unneeded JARs during scanning can improve startup time and JSP compilation time.
02-Aug-2018 10:07:53.901 資訊 [localhost-startStop-1] org.springframework.web.servlet.FrameworkServlet.initServletBean FrameworkServlet 'dispatcher': initialization started
02-Aug-2018 10:07:53.948 資訊 [localhost-startStop-1] org.springframework.context.support.AbstractApplicationContext.prepareRefresh Refreshing WebApplicationContext for namespace 'dispatcher-servlet': startup date [Thu Aug 02 10:07:53 CST 2018]; root of context hierarchy
02-Aug-2018 10:07:54.030 資訊 [localhost-startStop-1] org.springframework.beans.factory.xml.XmlBeanDefinitionReader.loadBeanDefinitions Loading XML bean definitions from ServletContext resource [/WEB-INF/spring-servlet.xml]
02-Aug-2018 10:07:54.681 資訊 [localhost-startStop-1] org.springframework.web.servlet.handler.AbstractHandlerMethodMapping.registerHandlerMethod Mapped "{[/ || /index],methods=[GET],params=[],headers=[],consumes=[],produces=[],custom=[]}" onto public org.springframework.web.servlet.ModelAndView com.lucasko.controller.APIsController.index()
02-Aug-2018 10:07:54.682 資訊 [localhost-startStop-1] org.springframework.web.servlet.handler.AbstractHandlerMethodMapping.registerHandlerMethod Mapped "{[/ntust/profile],methods=[POST],params=[],headers=[],consumes=[],produces=[],custom=[]}" onto public java.lang.String com.lucasko.controller.APIsController.profile(java.lang.String) throws org.json.JSONException
02-Aug-2018 10:07:54.683 資訊 [localhost-startStop-1] org.springframework.web.servlet.handler.AbstractHandlerMethodMapping.registerHandlerMethod Mapped "{[/ntust/update/name],methods=[POST],params=[],headers=[],consumes=[],produces=[],custom=[]}" onto public java.lang.String com.lucasko.controller.APIsController.update(java.lang.String) throws org.json.JSONException
02-Aug-2018 10:07:54.685 資訊 [localhost-startStop-1] org.springframework.web.servlet.handler.AbstractHandlerMethodMapping.registerHandlerMethod Mapped "{[/index2],methods=[POST],params=[],headers=[],consumes=[],produces=[],custom=[]}" onto public org.springframework.web.servlet.ModelAndView com.lucasko.controller.APIsController.login(java.lang.String) throws org.json.JSONException
02-Aug-2018 10:07:54.693 資訊 [localhost-startStop-1] org.springframework.web.servlet.handler.AbstractHandlerMethodMapping.registerHandlerMethod Mapped "{[/ntust/user],methods=[POST],params=[],headers=[],consumes=[],produces=[application/json;charset=utf-8],custom=[]}" onto public java.lang.String com.lucasko.controller.APIsController.user(com.lucasko.controller.User) throws org.json.JSONException
02-Aug-2018 10:07:54.694 資訊 [localhost-startStop-1] org.springframework.web.servlet.handler.AbstractHandlerMethodMapping.registerHandlerMethod Mapped "{[/ntust/student/{id}],methods=[GET],params=[],headers=[],consumes=[],produces=[],custom=[]}" onto public java.lang.String com.lucasko.controller.APIsController.hello1(java.lang.String) throws org.json.JSONException
02-Aug-2018 10:07:54.695 資訊 [localhost-startStop-1] org.springframework.web.servlet.handler.AbstractHandlerMethodMapping.registerHandlerMethod Mapped "{[/ntust/student],methods=[GET],params=[],headers=[],consumes=[],produces=[],custom=[]}" onto public java.lang.String com.lucasko.controller.APIsController.hello(java.lang.String) throws org.json.JSONException
02-Aug-2018 10:07:55.137 資訊 [localhost-startStop-1] org.springframework.web.servlet.handler.AbstractUrlHandlerMapping.registerHandler Mapped URL path [/**] onto handler 'org.springframework.web.servlet.resource.DefaultServletHttpRequestHandler#0'
02-Aug-2018 10:07:55.189 資訊 [localhost-startStop-1] org.springframework.web.servlet.FrameworkServlet.initServletBean FrameworkServlet 'dispatcher': initialization completed in 1287 ms
02-Aug-2018 10:07:55.207 資訊 [localhost-startStop-1] org.apache.catalina.startup.HostConfig.deployWAR Deployment of web application archive /Users/kai/Desktop/code-practice/apache-tomcat-8.0.53/webapps/spring4mvc-helloworld.war has finished in 3,319 ms
02-Aug-2018 10:07:55.209 資訊 [localhost-startStop-1] org.apache.catalina.startup.HostConfig.deployDirectory Deploying web application directory /Users/kai/Desktop/code-practice/apache-tomcat-8.0.53/webapps/docs
02-Aug-2018 10:07:55.242 資訊 [localhost-startStop-1] org.apache.catalina.startup.HostConfig.deployDirectory Deployment of web application directory /Users/kai/Desktop/code-practice/apache-tomcat-8.0.53/webapps/docs has finished in 33 ms
02-Aug-2018 10:07:55.243 資訊 [localhost-startStop-1] org.apache.catalina.startup.HostConfig.deployDirectory Deploying web application directory /Users/kai/Desktop/code-practice/apache-tomcat-8.0.53/webapps/manager
02-Aug-2018 10:07:55.296 資訊 [localhost-startStop-1] org.apache.catalina.startup.HostConfig.deployDirectory Deployment of web application directory /Users/kai/Desktop/code-practice/apache-tomcat-8.0.53/webapps/manager has finished in 53 ms
02-Aug-2018 10:07:55.296 資訊 [localhost-startStop-1] org.apache.catalina.startup.HostConfig.deployDirectory Deploying web application directory /Users/kai/Desktop/code-practice/apache-tomcat-8.0.53/webapps/examples
02-Aug-2018 10:07:55.591 資訊 [localhost-startStop-1] org.apache.catalina.startup.HostConfig.deployDirectory Deployment of web application directory /Users/kai/Desktop/code-practice/apache-tomcat-8.0.53/webapps/examples has finished in 295 ms
02-Aug-2018 10:07:55.591 資訊 [localhost-startStop-1] org.apache.catalina.startup.HostConfig.deployDirectory Deploying web application directory /Users/kai/Desktop/code-practice/apache-tomcat-8.0.53/webapps/ROOT
02-Aug-2018 10:07:55.611 資訊 [localhost-startStop-1] org.apache.catalina.startup.HostConfig.deployDirectory Deployment of web application directory /Users/kai/Desktop/code-practice/apache-tomcat-8.0.53/webapps/ROOT has finished in 20 ms
02-Aug-2018 10:07:55.612 資訊 [localhost-startStop-1] org.apache.catalina.startup.HostConfig.deployDirectory Deploying web application directory /Users/kai/Desktop/code-practice/apache-tomcat-8.0.53/webapps/host-manager
02-Aug-2018 10:07:55.641 資訊 [localhost-startStop-1] org.apache.catalina.startup.HostConfig.deployDirectory Deployment of web application directory /Users/kai/Desktop/code-practice/apache-tomcat-8.0.53/webapps/host-manager has finished in 30 ms
02-Aug-2018 10:07:55.650 資訊 [main] org.apache.coyote.AbstractProtocol.start Starting ProtocolHandler ["http-nio-8080"]
02-Aug-2018 10:07:55.659 資訊 [main] org.apache.coyote.AbstractProtocol.start Starting ProtocolHandler ["ajp-nio-8009"]
02-Aug-2018 10:07:55.661 資訊 [main] org.apache.catalina.startup.Catalina.start Server startup in 3904 ms
02-Aug-2018 10:09:07.925 警告 [http-nio-8080-exec-5] org.springframework.web.servlet.mvc.support.DefaultHandlerExceptionResolver.handleHttpRequestMethodNotSupported Request method 'GET' not supported
02-Aug-2018 10:15:50.467 資訊 [Thread-4] org.apache.coyote.AbstractProtocol.pause Pausing ProtocolHandler ["http-nio-8080"]
02-Aug-2018 10:15:50.529 資訊 [Thread-4] org.apache.coyote.AbstractProtocol.pause Pausing ProtocolHandler ["ajp-nio-8009"]
02-Aug-2018 10:15:50.585 資訊 [Thread-4] org.apache.catalina.core.StandardService.stopInternal Stopping service Catalina
02-Aug-2018 10:15:50.630 資訊 [localhost-startStop-2] org.springframework.context.support.AbstractApplicationContext.doClose Closing WebApplicationContext for namespace 'dispatcher-servlet': startup date [Thu Aug 02 10:07:53 CST 2018]; root of context hierarchy
02-Aug-2018 10:15:50.652 資訊 [Thread-4] org.apache.coyote.AbstractProtocol.stop Stopping ProtocolHandler ["http-nio-8080"]
02-Aug-2018 10:15:50.656 資訊 [Thread-4] org.apache.coyote.AbstractProtocol.stop Stopping ProtocolHandler ["ajp-nio-8009"]
02-Aug-2018 10:15:50.672 資訊 [Thread-4] org.apache.coyote.AbstractProtocol.destroy Destroying ProtocolHandler ["http-nio-8080"]
02-Aug-2018 10:15:50.672 資訊 [Thread-4] org.apache.coyote.AbstractProtocol.destroy Destroying ProtocolHandler ["ajp-nio-8009"]
